Watching for file changes with StatReloader
Watching for file changes with StatReloader
INFO 2025-09-19 13:52:09,342 autoreload 10640 7928 Watching for file changes with StatReloader
INFO 2025-09-19 13:52:28,866 autoreload 10640 7928 D:\project\BFMa\ProcureGenius\saas_procurement\settings_simple.py changed, reloading.
INFO 2025-09-19 13:52:30,727 autoreload 12000 37988 Watching for file changes with StatReloader
INFO 2025-09-19 13:55:03,503 autoreload 12000 37988 D:\project\BFMa\ProcureGenius\saas_procurement\settings_simple.py changed, reloading.
INFO 2025-09-19 13:55:07,563 autoreload 26860 32616 Watching for file changes with StatReloader
INFO 2025-09-19 13:55:11,755 autoreload 16560 17060 Watching for file changes with StatReloader
INFO 2025-09-19 13:55:14,268 autoreload 32524 14584 Watching for file changes with StatReloader
Watching for file changes with StatReloader
Internal Server Error: /
Traceback (most recent call last):
  File "C:\Users\david\AppData\Local\Programs\Python\Python313\Lib\site-packages\django\core\handlers\exception.py", line 55, in inner
    response = get_response(request)
  File "C:\Users\david\AppData\Local\Programs\Python\Python313\Lib\site-packages\django\core\handlers\base.py", line 197, in _get_response
    response = wrapped_callback(request, *callback_args, **callback_kwargs)
  File "D:\project\BFMa\ProcureGenius\apps\core\views_simple.py", line 17, in home
    return render(request, 'core/home.html')
  File "C:\Users\david\AppData\Local\Programs\Python\Python313\Lib\site-packages\django\shortcuts.py", line 25, in render
    content = loader.render_to_string(template_name, context, request, using=using)
  File "C:\Users\david\AppData\Local\Programs\Python\Python313\Lib\site-packages\django\template\loader.py", line 62, in render_to_string
    return template.render(context, request)
           ~~~~~~~~~~~~~~~^^^^^^^^^^^^^^^^^^
  File "C:\Users\david\AppData\Local\Programs\Python\Python313\Lib\site-packages\django\template\backends\django.py", line 61, in render
    return self.template.render(context)
           ~~~~~~~~~~~~~~~~~~~~^^^^^^^^^
  File "C:\Users\david\AppData\Local\Programs\Python\Python313\Lib\site-packages\django\template\base.py", line 171, in render
    return self._render(context)
           ~~~~~~~~~~~~^^^^^^^^^
  File "C:\Users\david\AppData\Local\Programs\Python\Python313\Lib\site-packages\django\template\base.py", line 163, in _render
    return self.nodelist.render(context)
           ~~~~~~~~~~~~~~~~~~~~^^^^^^^^^
  File "C:\Users\david\AppData\Local\Programs\Python\Python313\Lib\site-packages\django\template\base.py", line 1000, in render
    return SafeString("".join([node.render_annotated(context) for node in self]))
                               ~~~~~~~~~~~~~~~~~~~~~^^^^^^^^^
  File "C:\Users\david\AppData\Local\Programs\Python\Python313\Lib\site-packages\django\template\base.py", line 961, in render_annotated
    return self.render(context)
           ~~~~~~~~~~~^^^^^^^^^
  File "C:\Users\david\AppData\Local\Programs\Python\Python313\Lib\site-packages\django\template\loader_tags.py", line 159, in render
    return compiled_parent._render(context)
           ~~~~~~~~~~~~~~~~~~~~~~~^^^^^^^^^
  File "C:\Users\david\AppData\Local\Programs\Python\Python313\Lib\site-packages\django\template\base.py", line 163, in _render
    return self.nodelist.render(context)
           ~~~~~~~~~~~~~~~~~~~~^^^^^^^^^
  File "C:\Users\david\AppData\Local\Programs\Python\Python313\Lib\site-packages\django\template\base.py", line 1000, in render
    return SafeString("".join([node.render_annotated(context) for node in self]))
                               ~~~~~~~~~~~~~~~~~~~~~^^^^^^^^^
  File "C:\Users\david\AppData\Local\Programs\Python\Python313\Lib\site-packages\django\template\base.py", line 961, in render_annotated
    return self.render(context)
           ~~~~~~~~~~~^^^^^^^^^
  File "C:\Users\david\AppData\Local\Programs\Python\Python313\Lib\site-packages\django\template\loader_tags.py", line 65, in render
    result = block.nodelist.render(context)
  File "C:\Users\david\AppData\Local\Programs\Python\Python313\Lib\site-packages\django\template\base.py", line 1000, in render
    return SafeString("".join([node.render_annotated(context) for node in self]))
                               ~~~~~~~~~~~~~~~~~~~~~^^^^^^^^^
  File "C:\Users\david\AppData\Local\Programs\Python\Python313\Lib\site-packages\django\template\base.py", line 961, in render_annotated
    return self.render(context)
           ~~~~~~~~~~~^^^^^^^^^
  File "C:\Users\david\AppData\Local\Programs\Python\Python313\Lib\site-packages\django\template\defaulttags.py", line 479, in render
    url = reverse(view_name, args=args, kwargs=kwargs, current_app=current_app)
  File "C:\Users\david\AppData\Local\Programs\Python\Python313\Lib\site-packages\django\urls\base.py", line 88, in reverse
    return resolver._reverse_with_prefix(view, prefix, *args, **kwargs)
           ~~~~~~~~~~~~~~~~~~~~~~~~~~~~~^^^^^^^^^^^^^^^^^^^^^^^^^^^^^^^
  File "C:\Users\david\AppData\Local\Programs\Python\Python313\Lib\site-packages\django\urls\resolvers.py", line 851, in _reverse_with_prefix
    raise NoReverseMatch(msg)
django.urls.exceptions.NoReverseMatch: Reverse for 'account_signup' not found. 'account_signup' is not a valid view function or pattern name.
"GET / HTTP/1.1" 500 149779
- Broken pipe from ('127.0.0.1', 56324)
"GET /admin/ HTTP/1.1" 302 0
Internal Server Error: /admin/login/
Traceback (most recent call last):
  File "C:\Users\david\AppData\Local\Programs\Python\Python313\Lib\site-packages\django\core\handlers\exception.py", line 55, in inner
    response = get_response(request)
  File "C:\Users\david\AppData\Local\Programs\Python\Python313\Lib\site-packages\django\core\handlers\base.py", line 197, in _get_response
    response = wrapped_callback(request, *callback_args, **callback_kwargs)
  File "C:\Users\david\AppData\Local\Programs\Python\Python313\Lib\site-packages\django\utils\decorators.py", line 48, in _wrapper
    return bound_method(*args, **kwargs)
  File "C:\Users\david\AppData\Local\Programs\Python\Python313\Lib\site-packages\django\views\decorators\cache.py", line 80, in _view_wrapper
    response = view_func(request, *args, **kwargs)
  File "C:\Users\david\AppData\Local\Programs\Python\Python313\Lib\site-packages\django\contrib\admin\sites.py", line 421, in login
    **self.each_context(request),
      ~~~~~~~~~~~~~~~~~^^^^^^^^^
  File "C:\Users\david\AppData\Local\Programs\Python\Python313\Lib\site-packages\django\contrib\admin\sites.py", line 335, in each_context
    "available_apps": self.get_app_list(request),
                      ~~~~~~~~~~~~~~~~~^^^^^^^^^
  File "C:\Users\david\AppData\Local\Programs\Python\Python313\Lib\site-packages\django\contrib\admin\sites.py", line 537, in get_app_list
    app_dict = self._build_app_dict(request, app_label)
  File "C:\Users\david\AppData\Local\Programs\Python\Python313\Lib\site-packages\django\contrib\admin\sites.py", line 479, in _build_app_dict
    has_module_perms = model_admin.has_module_permission(request)
  File "C:\Users\david\AppData\Local\Programs\Python\Python313\Lib\site-packages\django\contrib\admin\options.py", line 638, in has_module_permission
    return request.user.has_module_perms(self.opts.app_label)
           ~~~~~~~~~~~~~~~~~~~~~~~~~~~~~^^^^^^^^^^^^^^^^^^^^^
  File "C:\Users\david\AppData\Local\Programs\Python\Python313\Lib\site-packages\django\contrib\auth\models.py", line 488, in has_module_perms
    return _user_has_module_perms(self, module)
  File "C:\Users\david\AppData\Local\Programs\Python\Python313\Lib\site-packages\django\contrib\auth\models.py", line 231, in _user_has_module_perms
    for backend in auth.get_backends():
                   ~~~~~~~~~~~~~~~~~^^
  File "C:\Users\david\AppData\Local\Programs\Python\Python313\Lib\site-packages\django\contrib\auth\__init__.py", line 40, in get_backends
    return _get_backends(return_tuples=False)
  File "C:\Users\david\AppData\Local\Programs\Python\Python313\Lib\site-packages\django\contrib\auth\__init__.py", line 29, in _get_backends
    backend = load_backend(backend_path)
  File "C:\Users\david\AppData\Local\Programs\Python\Python313\Lib\site-packages\django\contrib\auth\__init__.py", line 23, in load_backend
    return import_string(path)()
           ~~~~~~~~~~~~~^^^^^^
  File "C:\Users\david\AppData\Local\Programs\Python\Python313\Lib\site-packages\django\utils\module_loading.py", line 30, in import_string
    return cached_import(module_path, class_name)
  File "C:\Users\david\AppData\Local\Programs\Python\Python313\Lib\site-packages\django\utils\module_loading.py", line 15, in cached_import
    module = import_module(module_path)
  File "C:\Users\david\AppData\Local\Programs\Python\Python313\Lib\importlib\__init__.py", line 88, in import_module
    return _bootstrap._gcd_import(name[level:], package, level)
           ~~~~~~~~~~~~~~~~~~~~~~^^^^^^^^^^^^^^^^^^^^^^^^^^^^^^
  File "<frozen importlib._bootstrap>", line 1387, in _gcd_import
  File "<frozen importlib._bootstrap>", line 1360, in _find_and_load
  File "<frozen importlib._bootstrap>", line 1331, in _find_and_load_unlocked
  File "<frozen importlib._bootstrap>", line 935, in _load_unlocked
  File "<frozen importlib._bootstrap_external>", line 1026, in exec_module
  File "<frozen importlib._bootstrap>", line 488, in _call_with_frames_removed
  File "C:\Users\david\AppData\Local\Programs\Python\Python313\Lib\site-packages\allauth\account\auth_backends.py", line 10, in <module>
    from .utils import filter_users_by_email, filter_users_by_username
  File "C:\Users\david\AppData\Local\Programs\Python\Python313\Lib\site-packages\allauth\account\utils.py", line 12, in <module>
    from allauth.account.internal import flows
  File "C:\Users\david\AppData\Local\Programs\Python\Python313\Lib\site-packages\allauth\account\internal\__init__.py", line 1, in <module>
    from allauth.account.internal import flows
  File "C:\Users\david\AppData\Local\Programs\Python\Python313\Lib\site-packages\allauth\account\internal\flows\__init__.py", line 1, in <module>
    from allauth.account.internal.flows import (
    ...<12 lines>...
    )
  File "C:\Users\david\AppData\Local\Programs\Python\Python313\Lib\site-packages\allauth\account\internal\flows\email_verification.py", line 10, in <module>
    from allauth.account.internal.flows.manage_email import (
    ...<3 lines>...
    )
  File "C:\Users\david\AppData\Local\Programs\Python\Python313\Lib\site-packages\allauth\account\internal\flows\manage_email.py", line 9, in <module>
    from allauth.account.internal.flows.reauthentication import (
        raise_if_reauthentication_required,
    )
  File "C:\Users\david\AppData\Local\Programs\Python\Python313\Lib\site-packages\allauth\account\internal\flows\reauthentication.py", line 11, in <module>
    from allauth.account.authentication import get_authentication_records
  File "C:\Users\david\AppData\Local\Programs\Python\Python313\Lib\site-packages\allauth\account\authentication.py", line 1, in <module>
    from allauth.account.internal.flows.login import AUTHENTICATION_METHODS_SESSION_KEY
  File "C:\Users\david\AppData\Local\Programs\Python\Python313\Lib\site-packages\allauth\account\internal\flows\login.py", line 11, in <module>
    from allauth.account.models import Login
  File "C:\Users\david\AppData\Local\Programs\Python\Python313\Lib\site-packages\allauth\account\models.py", line 20, in <module>
    class EmailAddress(models.Model):
    ...<99 lines>...
                user_email(self.user, alt_email, commit=True)
  File "C:\Users\david\AppData\Local\Programs\Python\Python313\Lib\site-packages\django\db\models\base.py", line 134, in __new__
    raise RuntimeError(
    ...<3 lines>...
    )
RuntimeError: Model class allauth.account.models.EmailAddress doesn't declare an explicit app_label and isn't in an application in INSTALLED_APPS.
"GET /admin/login/?next=/admin/ HTTP/1.1" 500 288474
- Broken pipe from ('127.0.0.1', 56326)
D:\project\BFMa\ProcureGenius\saas_procurement\settings.py changed, reloading.
Watching for file changes with StatReloader
"GET / HTTP/1.1" 200 28333
Unauthorized: /api/v1/
"GET /api/v1/ HTTP/1.1" 401 58
"GET /purchase-orders/ HTTP/1.1" 302 0
"GET /admin/login/?next=/purchase-orders/ HTTP/1.1" 200 4255
"GET /invoicing/ HTTP/1.1" 302 0
"GET /admin/login/?next=/invoicing/ HTTP/1.1" 200 4243
"GET /admin/ HTTP/1.1" 302 0
"GET /admin/login/?next=/admin/ HTTP/1.1" 200 4235
D:\project\BFMa\ProcureGenius\apps\invoicing\forms_simple.py changed, reloading.
Watching for file changes with StatReloader
"GET / HTTP/1.1" 200 28333
"GET /static/css/main.css HTTP/1.1" 200 4303
"GET /static/css/theme.css HTTP/1.1" 200 33602
"GET /static/js/forms.js HTTP/1.1" 200 34063
"GET /static/js/mobile.js HTTP/1.1" 200 32122
"GET /static/js/inline-editing.js HTTP/1.1" 200 36915
"GET /static/js/main.js HTTP/1.1" 200 9177
"GET /static/js/components.js HTTP/1.1" 200 38765
"GET /static/js/sw.js HTTP/1.1" 404 1884
Not Found: /favicon.ico
"GET /favicon.ico HTTP/1.1" 404 4525
Not Found: /accounts/login/
"GET /accounts/login/ HTTP/1.1" 404 4980
D:\project\BFMa\ProcureGenius\apps\accounts\urls.py changed, reloading.
Watching for file changes with StatReloader
"GET /accounts/login/ HTTP/1.1" 200 19757
"GET / HTTP/1.1" 200 28333
"GET /purchase-orders/ HTTP/1.1" 302 0
"GET /admin/login/?next=/purchase-orders/ HTTP/1.1" 200 4255
D:\project\BFMa\ProcureGenius\apps\accounts\urls.py changed, reloading.
Watching for file changes with StatReloader
"GET /accounts/login/ HTTP/1.1" 200 19829
"GET /static/css/theme.css HTTP/1.1" 304 0
"GET /static/js/forms.js HTTP/1.1" 304 0
"GET /static/js/mobile.js HTTP/1.1" 304 0
"GET /static/js/components.js HTTP/1.1" 304 0
"GET /static/js/inline-editing.js HTTP/1.1" 304 0
"GET /static/js/sw.js HTTP/1.1" 404 1884
"POST /accounts/login/ HTTP/1.1" 200 20215
"POST /accounts/login/ HTTP/1.1" 302 0
"GET / HTTP/1.1" 302 0
"GET /dashboard/ HTTP/1.1" 200 36091
"GET /static/js/sw.js HTTP/1.1" 404 1884
"GET /admin/ HTTP/1.1" 200 12766
"GET /static/admin/css/dark_mode.css HTTP/1.1" 200 2682
"GET /static/admin/css/base.css HTTP/1.1" 200 21544
"GET /static/admin/css/nav_sidebar.css HTTP/1.1" 200 2810
"GET /static/admin/css/dashboard.css HTTP/1.1" 200 441
"GET /static/admin/css/responsive.css HTTP/1.1" 200 17905
"GET /static/admin/js/theme.js HTTP/1.1" 200 1943
"GET /static/admin/js/nav_sidebar.js HTTP/1.1" 200 3063
"GET /static/admin/img/icon-changelink.svg HTTP/1.1" 200 380
"GET /static/admin/img/icon-addlink.svg HTTP/1.1" 200 331
"GET /dashboard/? HTTP/1.1" 200 36091
"GET /static/js/sw.js HTTP/1.1" 404 1884
"GET /admin/ HTTP/1.1" 200 12766
"GET /admin/invoicing/invoice/add/ HTTP/1.1" 200 20561
"GET /static/admin/css/forms.css HTTP/1.1" 200 9090
"GET /static/admin/js/calendar.js HTTP/1.1" 200 9141
"GET /admin/jsi18n/ HTTP/1.1" 200 8985
"GET /static/admin/css/widgets.css HTTP/1.1" 200 11800
"GET /static/admin/js/vendor/jquery/jquery.js HTTP/1.1" 200 285314
"GET /static/admin/js/jquery.init.js HTTP/1.1" 200 347
"GET /static/admin/js/admin/DateTimeShortcuts.js HTTP/1.1" 200 19319
"GET /static/admin/js/core.js HTTP/1.1" 200 6208
"GET /static/admin/js/admin/RelatedObjectLookups.js HTTP/1.1" 200 9042
"GET /static/admin/js/actions.js HTTP/1.1" 200 8067
"GET /static/admin/js/urlify.js HTTP/1.1" 200 7887
"GET /static/admin/js/prepopulate.js HTTP/1.1" 200 1531
"GET /static/admin/js/prepopulate_init.js HTTP/1.1" 200 586
"GET /static/admin/img/icon-deletelink.svg HTTP/1.1" 200 392
"GET /static/admin/img/icon-viewlink.svg HTTP/1.1" 200 581
"GET /static/admin/js/change_form.js HTTP/1.1" 200 606
"GET /static/admin/js/vendor/xregexp/xregexp.js HTTP/1.1" 200 325171
"GET /static/admin/img/icon-calendar.svg HTTP/1.1" 200 1086
"GET /static/admin/img/calendar-icons.svg HTTP/1.1" 200 1094
"GET /admin/invoicing/ HTTP/1.1" 200 5242
"GET /admin/invoicing/invoice/add/ HTTP/1.1" 200 20561
"GET /admin/jsi18n/ HTTP/1.1" 200 8985
"GET /admin/invoicing/invoice/add/ HTTP/1.1" 200 20561
"GET /admin/jsi18n/ HTTP/1.1" 200 8985
"GET /admin/invoicing/invoice/add/ HTTP/1.1" 200 20561
"GET /admin/jsi18n/ HTTP/1.1" 200 8985
D:\project\BFMa\ProcureGenius\apps\invoicing\models.py changed, reloading.
Watching for file changes with StatReloader
D:\project\BFMa\ProcureGenius\apps\invoicing\models.py changed, reloading.
Watching for file changes with StatReloader
D:\project\BFMa\ProcureGenius\apps\purchase_orders\models.py changed, reloading.
Watching for file changes with StatReloader
D:\project\BFMa\ProcureGenius\apps\purchase_orders\models.py changed, reloading.
Watching for file changes with StatReloader
D:\project\BFMa\ProcureGenius\apps\purchase_orders\models.py changed, reloading.
Watching for file changes with StatReloader
D:\project\BFMa\ProcureGenius\apps\purchase_orders\models.py changed, reloading.
Watching for file changes with StatReloader
D:\project\BFMa\ProcureGenius\apps\purchase_orders\models.py changed, reloading.
Watching for file changes with StatReloader
Watching for file changes with StatReloader
Watching for file changes with StatReloader
D:\project\BFMa\ProcureGenius\apps\purchase_orders\models.py changed, reloading.
D:\project\BFMa\ProcureGenius\apps\purchase_orders\models.py changed, reloading.
Watching for file changes with StatReloader
Watching for file changes with StatReloader
D:\project\BFMa\ProcureGenius\apps\invoicing\models.py changed, reloading.
D:\project\BFMa\ProcureGenius\apps\invoicing\models.py changed, reloading.
Watching for file changes with StatReloader
Watching for file changes with StatReloader
D:\project\BFMa\ProcureGenius\apps\invoicing\models.py changed, reloading.
D:\project\BFMa\ProcureGenius\apps\invoicing\models.py changed, reloading.
Watching for file changes with StatReloader
Watching for file changes with StatReloader
D:\project\BFMa\ProcureGenius\apps\invoicing\models.py changed, reloading.
D:\project\BFMa\ProcureGenius\apps\invoicing\models.py changed, reloading.
Watching for file changes with StatReloader
Watching for file changes with StatReloader
D:\project\BFMa\ProcureGenius\apps\invoicing\models.py changed, reloading.
D:\project\BFMa\ProcureGenius\apps\invoicing\models.py changed, reloading.
Watching for file changes with StatReloader
Watching for file changes with StatReloader
Watching for file changes with StatReloader
"HEAD / HTTP/1.1" 200 0
"GET / HTTP/1.1" 200 28461
"GET /static/css/main.css HTTP/1.1" 304 0
"GET /static/js/main.js HTTP/1.1" 304 0
"GET /static/js/forms.js HTTP/1.1" 304 0
"GET /static/js/mobile.js HTTP/1.1" 304 0
"GET /static/js/inline-editing.js HTTP/1.1" 304 0
"GET /static/js/components.js HTTP/1.1" 304 0
"GET /static/css/mobile-improvements.css HTTP/1.1" 200 10913
"GET /static/css/admin.css HTTP/1.1" 200 21476
"GET /static/css/theme.css HTTP/1.1" 200 34651
"GET /static/js/sw.js HTTP/1.1" 404 1884
"GET /accounts/login/ HTTP/1.1" 200 19957
"GET /static/js/sw.js HTTP/1.1" 404 1884
Watching for file changes with StatReloader
"POST /accounts/login/ HTTP/1.1" 200 20464
"GET /static/js/sw.js HTTP/1.1" 404 1884
"POST /accounts/login/ HTTP/1.1" 200 20464
"GET /static/js/sw.js HTTP/1.1" 404 1884
"POST /accounts/login/ HTTP/1.1" 200 20464
"POST /accounts/login/ HTTP/1.1" 200 20464
"POST /accounts/login/ HTTP/1.1" 302 0
"GET / HTTP/1.1" 302 0
"GET /dashboard/ HTTP/1.1" 200 36219
Forbidden (CSRF token from POST incorrect.): /accounts/login/
"POST /accounts/login/ HTTP/1.1" 403 2540
Forbidden (CSRF token from POST incorrect.): /accounts/login/
"POST /accounts/login/ HTTP/1.1" 403 2540
Watching for file changes with StatReloader
Forbidden (CSRF token from POST incorrect.): /accounts/login/
"POST /accounts/login/ HTTP/1.1" 403 2540
Forbidden (CSRF token from POST incorrect.): /accounts/login/
"POST /accounts/login/ HTTP/1.1" 403 2540
Forbidden (CSRF token from POST incorrect.): /accounts/login/
"POST /accounts/login/ HTTP/1.1" 403 2540
D:\project\BFMa\ProcureGenius\saas_procurement\urls.py changed, reloading.
D:\project\BFMa\ProcureGenius\saas_procurement\urls.py changed, reloading.
D:\project\BFMa\ProcureGenius\saas_procurement\urls.py changed, reloading.
Watching for file changes with StatReloader
Watching for file changes with StatReloader
Watching for file changes with StatReloader
"HEAD / HTTP/1.1" 200 0
Forbidden (CSRF token from POST incorrect.): /accounts/login/
"POST /accounts/login/ HTTP/1.1" 403 2540
"GET /accounts/login/ HTTP/1.1" 200 25605
"GET /static/js/sw.js HTTP/1.1" 404 1884
"POST /accounts/login/ HTTP/1.1" 200 26112
"HEAD /admin/ HTTP/1.1" 302 0
"POST /accounts/login/ HTTP/1.1" 200 26112
"GET /static/css/theme.css HTTP/1.1" 304 0
"GET /static/css/admin.css HTTP/1.1" 304 0
"GET /static/js/mobile.js HTTP/1.1" 304 0
"GET /static/css/main.css HTTP/1.1" 304 0
"GET /static/css/mobile-improvements.css HTTP/1.1" 304 0
"GET /static/js/main.js HTTP/1.1" 304 0
"GET /static/js/forms.js HTTP/1.1" 304 0
"GET /static/js/components.js HTTP/1.1" 304 0
"GET /static/js/inline-editing.js HTTP/1.1" 304 0
"GET /static/js/sw.js HTTP/1.1" 404 1884
D:\project\BFMa\ProcureGenius\apps\invoicing\models.py changed, reloading.
D:\project\BFMa\ProcureGenius\apps\invoicing\models.py changed, reloading.
D:\project\BFMa\ProcureGenius\apps\invoicing\models.py changed, reloading.
Watching for file changes with StatReloader
Watching for file changes with StatReloader
Watching for file changes with StatReloader
D:\project\BFMa\ProcureGenius\apps\invoicing\models.py changed, reloading.
D:\project\BFMa\ProcureGenius\apps\invoicing\models.py changed, reloading.
"POST /accounts/login/ HTTP/1.1" 302 0
"POST /accounts/login/ HTTP/1.1" 302 0
"GET / HTTP/1.1" 302 0
"GET / HTTP/1.1" 302 0
"GET /dashboard/ HTTP/1.1" 200 36219
"GET /dashboard/ HTTP/1.1" 200 36219
"GET /static/js/sw.js HTTP/1.1" 404 1884
D:\project\BFMa\ProcureGenius\apps\invoicing\models.py changed, reloading.
Watching for file changes with StatReloader
Watching for file changes with StatReloader
Watching for file changes with StatReloader
"GET /admin/ HTTP/1.1" 302 0
Not Found: /.well-known/appspecific/com.chrome.devtools.json
"GET /.well-known/appspecific/com.chrome.devtools.json HTTP/1.1" 404 4789
"GET /admin/ HTTP/1.1" 200 12766
"GET /static/admin/css/base.css HTTP/1.1" 304 0
"GET /static/admin/js/theme.js HTTP/1.1" 304 0
Not Found: /.well-known/appspecific/com.chrome.devtools.json
"GET /.well-known/appspecific/com.chrome.devtools.json HTTP/1.1" 404 4789
"GET /static/admin/css/dark_mode.css HTTP/1.1" 304 0
"GET /static/admin/js/nav_sidebar.js HTTP/1.1" 304 0
"GET /static/admin/img/icon-addlink.svg HTTP/1.1" 304 0
"GET /static/admin/css/nav_sidebar.css HTTP/1.1" 304 0
"GET /static/admin/img/icon-changelink.svg HTTP/1.1" 304 0
"GET /static/admin/css/dashboard.css HTTP/1.1" 304 0
"GET /static/admin/css/responsive.css HTTP/1.1" 304 0
"GET /admin/invoicing/invoice/add/ HTTP/1.1" 200 27952
"GET /static/admin/js/calendar.js HTTP/1.1" 304 0
"GET /static/admin/css/forms.css HTTP/1.1" 304 0
"GET /static/admin/js/jquery.init.js HTTP/1.1" 304 0
"GET /static/admin/js/vendor/jquery/jquery.js HTTP/1.1" 304 0
Not Found: /.well-known/appspecific/com.chrome.devtools.json
"GET /static/admin/js/admin/DateTimeShortcuts.js HTTP/1.1" 304 0
"GET /static/admin/css/widgets.css HTTP/1.1" 304 0
"GET /static/admin/js/admin/RelatedObjectLookups.js HTTP/1.1" 304 0
"GET /static/admin/js/core.js HTTP/1.1" 304 0
"GET /.well-known/appspecific/com.chrome.devtools.json HTTP/1.1" 404 4789
- Broken pipe from ('127.0.0.1', 64292)
"GET /static/admin/js/urlify.js HTTP/1.1" 304 0
"GET /static/admin/js/actions.js HTTP/1.1" 304 0
"GET /static/admin/js/vendor/xregexp/xregexp.js HTTP/1.1" 304 0
"GET /static/admin/js/prepopulate.js HTTP/1.1" 304 0
"GET /static/admin/js/prepopulate_init.js HTTP/1.1" 304 0
"GET /admin/jsi18n/ HTTP/1.1" 200 8985
"GET /static/admin/img/icon-viewlink.svg HTTP/1.1" 304 0
"GET /static/admin/js/change_form.js HTTP/1.1" 304 0
"GET /static/admin/img/icon-deletelink.svg HTTP/1.1" 304 0
"GET /static/admin/img/icon-calendar.svg HTTP/1.1" 304 0
"GET /admin/ HTTP/1.1" 200 12766
Not Found: /.well-known/appspecific/com.chrome.devtools.json
"GET /.well-known/appspecific/com.chrome.devtools.json HTTP/1.1" 404 4789
"GET /admin/invoicing/invoice/add/ HTTP/1.1" 200 27952
Not Found: /.well-known/appspecific/com.chrome.devtools.json
"GET /.well-known/appspecific/com.chrome.devtools.json HTTP/1.1" 404 4789
"GET /admin/ HTTP/1.1" 200 12766
Not Found: /.well-known/appspecific/com.chrome.devtools.json
"GET /.well-known/appspecific/com.chrome.devtools.json HTTP/1.1" 404 4789
Not Found: /.well-known/appspecific/com.chrome.devtools.json
"GET /.well-known/appspecific/com.chrome.devtools.json HTTP/1.1" 404 4789
Not Found: /.well-known/appspecific/com.chrome.devtools.json
"GET /.well-known/appspecific/com.chrome.devtools.json HTTP/1.1" 404 4789
Not Found: /.well-known/appspecific/com.chrome.devtools.json
"GET /.well-known/appspecific/com.chrome.devtools.json HTTP/1.1" 404 4789
Not Found: /.well-known/appspecific/com.chrome.devtools.json
"GET /.well-known/appspecific/com.chrome.devtools.json HTTP/1.1" 404 4789
"GET /app/ HTTP/1.1" 200 36219
Not Found: /.well-known/appspecific/com.chrome.devtools.json
"GET /.well-known/appspecific/com.chrome.devtools.json HTTP/1.1" 404 4789
"GET /static/js/sw.js HTTP/1.1" 404 1884
"GET /admin/ HTTP/1.1" 200 12766
Not Found: /.well-known/appspecific/com.chrome.devtools.json
"GET /.well-known/appspecific/com.chrome.devtools.json HTTP/1.1" 404 4789
"GET /admin/suppliers/supplier/add/ HTTP/1.1" 200 16591
Not Found: /.well-known/appspecific/com.chrome.devtools.json
"GET /.well-known/appspecific/com.chrome.devtools.json HTTP/1.1" 404 4789
"GET /admin/jsi18n/ HTTP/1.1" 200 8985
"GET /admin/suppliers/ HTTP/1.1" 200 5255
Not Found: /.well-known/appspecific/com.chrome.devtools.json
"GET /.well-known/appspecific/com.chrome.devtools.json HTTP/1.1" 404 4789
"GET / HTTP/1.1" 302 0
"GET /dashboard/ HTTP/1.1" 200 36219
Not Found: /.well-known/appspecific/com.chrome.devtools.json
"GET /.well-known/appspecific/com.chrome.devtools.json HTTP/1.1" 404 4789
"GET /static/js/sw.js HTTP/1.1" 404 1884
"GET /dashboard/ HTTP/1.1" 200 36219
"GET /static/js/sw.js HTTP/1.1" 404 1884
"GET /admin/ HTTP/1.1" 200 12766
"GET /admin/invoicing/invoice/add/ HTTP/1.1" 200 27952
"GET /admin/jsi18n/ HTTP/1.1" 200 8985
"POST /admin/invoicing/invoice/add/ HTTP/1.1" 302 0
"GET /admin/invoicing/invoice/ HTTP/1.1" 200 19183
"GET /static/admin/css/changelists.css HTTP/1.1" 304 0
"GET /static/admin/img/search.svg HTTP/1.1" 304 0
"GET /static/admin/js/filters.js HTTP/1.1" 304 0
"GET /admin/jsi18n/ HTTP/1.1" 200 8985
"GET /static/admin/img/tooltag-add.svg HTTP/1.1" 304 0
"GET /static/admin/img/icon-yes.svg HTTP/1.1" 304 0
"GET /static/admin/img/sorting-icons.svg HTTP/1.1" 304 0
"GET /admin/invoicing/invoice/?q= HTTP/1.1" 200 19176
"GET /admin/jsi18n/ HTTP/1.1" 200 8985
"GET /admin/invoicing/invoice/?q= HTTP/1.1" 200 19176
"GET /admin/jsi18n/ HTTP/1.1" 200 8985
"GET /admin/invoicing/invoice/87c7d4d2-6a0a-4ee2-8a8c-1fcea4e71959/change/?_changelist_filters=q%3D HTTP/1.1" 200 28553
"GET /admin/jsi18n/ HTTP/1.1" 200 8985
"GET /admin/invoicing/invoice/ HTTP/1.1" 200 18922
"GET /admin/jsi18n/ HTTP/1.1" 200 8985
"GET /admin/invoicing/invoice/add/ HTTP/1.1" 200 27952
"GET /admin/jsi18n/ HTTP/1.1" 200 8985
"GET /admin/core/core/add/ HTTP/1.1" 200 12873
"GET /admin/jsi18n/ HTTP/1.1" 200 8985
"GET /admin/suppliers/supplier/add/ HTTP/1.1" 200 16591
"GET /admin/jsi18n/ HTTP/1.1" 200 8985
"GET /app HTTP/1.1" 301 0
"GET /app/ HTTP/1.1" 200 36219
"GET /static/js/sw.js HTTP/1.1" 404 1884
Not Found: /print/invoice/
"GET /print/invoice/ HTTP/1.1" 404 6606
D:\project\BFMa\ProcureGenius\apps\core\urls.py changed, reloading.
D:\project\BFMa\ProcureGenius\apps\core\urls.py changed, reloading.
D:\project\BFMa\ProcureGenius\apps\core\urls.py changed, reloading.
Watching for file changes with StatReloader
Watching for file changes with StatReloader
Watching for file changes with StatReloader
Not Found: /print/invoice/
"GET /print/invoice/ HTTP/1.1" 404 8516
"GET /static/js/sw.js HTTP/1.1" 404 1884
"GET /app/ HTTP/1.1" 200 36219
"GET /static/css/theme.css HTTP/1.1" 304 0
"GET /static/css/admin.css HTTP/1.1" 304 0
"GET /static/css/mobile-improvements.css HTTP/1.1" 304 0
"GET /static/js/sw.js HTTP/1.1" 404 1884
"GET /admin/ HTTP/1.1" 200 13191
"GET /admin/invoicing/invoice/060c04ac-06dc-456d-b355-43afc75b178e/change/ HTTP/1.1" 200 28381
"GET /admin/jsi18n/ HTTP/1.1" 200 8985
"GET /admin/invoicing/invoice/add/ HTTP/1.1" 200 27952
"GET /admin/jsi18n/ HTTP/1.1" 200 8985
"GET /admin/accounts/customuser/add/?_to_field=id&_popup=1 HTTP/1.1" 200 7041
"GET /admin/jsi18n/ HTTP/1.1" 200 8985
"GET /admin-panel/ HTTP/1.1" 302 0
"GET /admin/invoicing/invoice/ HTTP/1.1" 200 18922
"GET /admin/jsi18n/ HTTP/1.1" 200 8985
"GET / HTTP/1.1" 302 0
"GET /dashboard/ HTTP/1.1" 200 36219
"GET /static/js/sw.js HTTP/1.1" 404 1884
"GET /dashboard/ HTTP/1.1" 200 36219
"GET /static/js/sw.js HTTP/1.1" 404 1884
"GET /admin/ HTTP/1.1" 200 13191
"GET /admin/invoicing/invoice/add/ HTTP/1.1" 200 27952
"GET /admin/jsi18n/ HTTP/1.1" 200 8985
"GET /admin-panel HTTP/1.1" 301 0
"GET /admin-panel/ HTTP/1.1" 200 20816
"GET /admin-panel/analytics/ HTTP/1.1" 200 20816
"GET /admin-panel/invoices/ HTTP/1.1" 200 20827
"GET /admin-panel/purchase-orders/ HTTP/1.1" 200 20835
"GET /admin-panel/suppliers/ HTTP/1.1" 200 20831
"GET /admin-panel/users/ HTTP/1.1" 200 20831
"GET /admin-panel/settings/ HTTP/1.1" 200 20818
"GET /admin-panel/ HTTP/1.1" 200 20816
"GET /admin-panel/purchase-orders/ HTTP/1.1" 200 20835
"HEAD /admin-panel/ HTTP/1.1" 302 0
D:\project\BFMa\ProcureGenius\apps\core\urls.py changed, reloading.
D:\project\BFMa\ProcureGenius\apps\core\urls.py changed, reloading.
D:\project\BFMa\ProcureGenius\apps\core\urls.py changed, reloading.
Watching for file changes with StatReloader
Watching for file changes with StatReloader
Watching for file changes with StatReloader
"HEAD /app/ HTTP/1.1" 302 0
"GET /admin-panel/purchase-orders/ HTTP/1.1" 200 20829
"GET /static/css/theme.css HTTP/1.1" 304 0
"GET /static/css/admin.css HTTP/1.1" 304 0
"GET /admin-panel/ HTTP/1.1" 200 20810
"GET /admin-panel/analytics/ HTTP/1.1" 200 20810
"GET /admin-panel/invoices/ HTTP/1.1" 200 20821
"GET /admin-panel/purchase-orders/ HTTP/1.1" 200 20829
"GET /admin-panel/suppliers/ HTTP/1.1" 200 20825
"GET /admin-panel/users/ HTTP/1.1" 200 20825
"GET /admin-panel/settings/ HTTP/1.1" 200 20812
Internal Server Error: /app/
Traceback (most recent call last):
  File "C:\Users\david\AppData\Local\Programs\Python\Python313\Lib\site-packages\django\core\handlers\exception.py", line 55, in inner
    response = get_response(request)
  File "C:\Users\david\AppData\Local\Programs\Python\Python313\Lib\site-packages\django\core\handlers\base.py", line 197, in _get_response
    response = wrapped_callback(request, *callback_args, **callback_kwargs)
  File "C:\Users\david\AppData\Local\Programs\Python\Python313\Lib\site-packages\django\contrib\auth\decorators.py", line 23, in _wrapper_view
    return view_func(request, *args, **kwargs)
  File "D:\project\BFMa\ProcureGenius\apps\core\views_user_panel.py", line 55, in user_dashboard
    return render(request, 'core/user_panel.html', context)
  File "C:\Users\david\AppData\Local\Programs\Python\Python313\Lib\site-packages\django\shortcuts.py", line 25, in render
    content = loader.render_to_string(template_name, context, request, using=using)
  File "C:\Users\david\AppData\Local\Programs\Python\Python313\Lib\site-packages\django\template\loader.py", line 62, in render_to_string
    return template.render(context, request)
           ~~~~~~~~~~~~~~~^^^^^^^^^^^^^^^^^^
  File "C:\Users\david\AppData\Local\Programs\Python\Python313\Lib\site-packages\django\template\backends\django.py", line 61, in render
    return self.template.render(context)
           ~~~~~~~~~~~~~~~~~~~~^^^^^^^^^
  File "C:\Users\david\AppData\Local\Programs\Python\Python313\Lib\site-packages\django\template\base.py", line 171, in render
    return self._render(context)
           ~~~~~~~~~~~~^^^^^^^^^
  File "C:\Users\david\AppData\Local\Programs\Python\Python313\Lib\site-packages\django\template\base.py", line 163, in _render
    return self.nodelist.render(context)
           ~~~~~~~~~~~~~~~~~~~~^^^^^^^^^
  File "C:\Users\david\AppData\Local\Programs\Python\Python313\Lib\site-packages\django\template\base.py", line 1000, in render
    return SafeString("".join([node.render_annotated(context) for node in self]))
                               ~~~~~~~~~~~~~~~~~~~~~^^^^^^^^^
  File "C:\Users\david\AppData\Local\Programs\Python\Python313\Lib\site-packages\django\template\base.py", line 961, in render_annotated
    return self.render(context)
           ~~~~~~~~~~~^^^^^^^^^
  File "C:\Users\david\AppData\Local\Programs\Python\Python313\Lib\site-packages\django\template\loader_tags.py", line 159, in render
    return compiled_parent._render(context)
           ~~~~~~~~~~~~~~~~~~~~~~~^^^^^^^^^
  File "C:\Users\david\AppData\Local\Programs\Python\Python313\Lib\site-packages\django\template\base.py", line 163, in _render
    return self.nodelist.render(context)
           ~~~~~~~~~~~~~~~~~~~~^^^^^^^^^
  File "C:\Users\david\AppData\Local\Programs\Python\Python313\Lib\site-packages\django\template\base.py", line 1000, in render
    return SafeString("".join([node.render_annotated(context) for node in self]))
                               ~~~~~~~~~~~~~~~~~~~~~^^^^^^^^^
  File "C:\Users\david\AppData\Local\Programs\Python\Python313\Lib\site-packages\django\template\base.py", line 961, in render_annotated
    return self.render(context)
           ~~~~~~~~~~~^^^^^^^^^
  File "C:\Users\david\AppData\Local\Programs\Python\Python313\Lib\site-packages\django\template\loader_tags.py", line 65, in render
    result = block.nodelist.render(context)
  File "C:\Users\david\AppData\Local\Programs\Python\Python313\Lib\site-packages\django\template\base.py", line 1000, in render
    return SafeString("".join([node.render_annotated(context) for node in self]))
                               ~~~~~~~~~~~~~~~~~~~~~^^^^^^^^^
  File "C:\Users\david\AppData\Local\Programs\Python\Python313\Lib\site-packages\django\template\base.py", line 961, in render_annotated
    return self.render(context)
           ~~~~~~~~~~~^^^^^^^^^
  File "C:\Users\david\AppData\Local\Programs\Python\Python313\Lib\site-packages\django\template\defaulttags.py", line 479, in render
    url = reverse(view_name, args=args, kwargs=kwargs, current_app=current_app)
  File "C:\Users\david\AppData\Local\Programs\Python\Python313\Lib\site-packages\django\urls\base.py", line 88, in reverse
    return resolver._reverse_with_prefix(view, prefix, *args, **kwargs)
           ~~~~~~~~~~~~~~~~~~~~~~~~~~~~~^^^^^^^^^^^^^^^^^^^^^^^^^^^^^^^
  File "C:\Users\david\AppData\Local\Programs\Python\Python313\Lib\site-packages\django\urls\resolvers.py", line 851, in _reverse_with_prefix
    raise NoReverseMatch(msg)
django.urls.exceptions.NoReverseMatch: Reverse for 'create_invoice' not found. 'create_invoice' is not a valid view function or pattern name.
"GET /app/ HTTP/1.1" 500 175505
Internal Server Error: /app/
Traceback (most recent call last):
  File "C:\Users\david\AppData\Local\Programs\Python\Python313\Lib\site-packages\django\core\handlers\exception.py", line 55, in inner
    response = get_response(request)
  File "C:\Users\david\AppData\Local\Programs\Python\Python313\Lib\site-packages\django\core\handlers\base.py", line 197, in _get_response
    response = wrapped_callback(request, *callback_args, **callback_kwargs)
  File "C:\Users\david\AppData\Local\Programs\Python\Python313\Lib\site-packages\django\contrib\auth\decorators.py", line 23, in _wrapper_view
    return view_func(request, *args, **kwargs)
  File "D:\project\BFMa\ProcureGenius\apps\core\views_user_panel.py", line 55, in user_dashboard
    return render(request, 'core/user_panel.html', context)
  File "C:\Users\david\AppData\Local\Programs\Python\Python313\Lib\site-packages\django\shortcuts.py", line 25, in render
    content = loader.render_to_string(template_name, context, request, using=using)
  File "C:\Users\david\AppData\Local\Programs\Python\Python313\Lib\site-packages\django\template\loader.py", line 62, in render_to_string
    return template.render(context, request)
           ~~~~~~~~~~~~~~~^^^^^^^^^^^^^^^^^^
  File "C:\Users\david\AppData\Local\Programs\Python\Python313\Lib\site-packages\django\template\backends\django.py", line 61, in render
    return self.template.render(context)
           ~~~~~~~~~~~~~~~~~~~~^^^^^^^^^
  File "C:\Users\david\AppData\Local\Programs\Python\Python313\Lib\site-packages\django\template\base.py", line 171, in render
    return self._render(context)
           ~~~~~~~~~~~~^^^^^^^^^
  File "C:\Users\david\AppData\Local\Programs\Python\Python313\Lib\site-packages\django\template\base.py", line 163, in _render
    return self.nodelist.render(context)
           ~~~~~~~~~~~~~~~~~~~~^^^^^^^^^
  File "C:\Users\david\AppData\Local\Programs\Python\Python313\Lib\site-packages\django\template\base.py", line 1000, in render
    return SafeString("".join([node.render_annotated(context) for node in self]))
                               ~~~~~~~~~~~~~~~~~~~~~^^^^^^^^^
  File "C:\Users\david\AppData\Local\Programs\Python\Python313\Lib\site-packages\django\template\base.py", line 961, in render_annotated
    return self.render(context)
           ~~~~~~~~~~~^^^^^^^^^
  File "C:\Users\david\AppData\Local\Programs\Python\Python313\Lib\site-packages\django\template\loader_tags.py", line 159, in render
    return compiled_parent._render(context)
           ~~~~~~~~~~~~~~~~~~~~~~~^^^^^^^^^
  File "C:\Users\david\AppData\Local\Programs\Python\Python313\Lib\site-packages\django\template\base.py", line 163, in _render
    return self.nodelist.render(context)
           ~~~~~~~~~~~~~~~~~~~~^^^^^^^^^
  File "C:\Users\david\AppData\Local\Programs\Python\Python313\Lib\site-packages\django\template\base.py", line 1000, in render
    return SafeString("".join([node.render_annotated(context) for node in self]))
                               ~~~~~~~~~~~~~~~~~~~~~^^^^^^^^^
  File "C:\Users\david\AppData\Local\Programs\Python\Python313\Lib\site-packages\django\template\base.py", line 961, in render_annotated
    return self.render(context)
           ~~~~~~~~~~~^^^^^^^^^
  File "C:\Users\david\AppData\Local\Programs\Python\Python313\Lib\site-packages\django\template\loader_tags.py", line 65, in render
    result = block.nodelist.render(context)
  File "C:\Users\david\AppData\Local\Programs\Python\Python313\Lib\site-packages\django\template\base.py", line 1000, in render
    return SafeString("".join([node.render_annotated(context) for node in self]))
                               ~~~~~~~~~~~~~~~~~~~~~^^^^^^^^^
  File "C:\Users\david\AppData\Local\Programs\Python\Python313\Lib\site-packages\django\template\base.py", line 961, in render_annotated
    return self.render(context)
           ~~~~~~~~~~~^^^^^^^^^
  File "C:\Users\david\AppData\Local\Programs\Python\Python313\Lib\site-packages\django\template\defaulttags.py", line 479, in render
    url = reverse(view_name, args=args, kwargs=kwargs, current_app=current_app)
  File "C:\Users\david\AppData\Local\Programs\Python\Python313\Lib\site-packages\django\urls\base.py", line 88, in reverse
    return resolver._reverse_with_prefix(view, prefix, *args, **kwargs)
           ~~~~~~~~~~~~~~~~~~~~~~~~~~~~~^^^^^^^^^^^^^^^^^^^^^^^^^^^^^^^
  File "C:\Users\david\AppData\Local\Programs\Python\Python313\Lib\site-packages\django\urls\resolvers.py", line 851, in _reverse_with_prefix
    raise NoReverseMatch(msg)
django.urls.exceptions.NoReverseMatch: Reverse for 'create_invoice' not found. 'create_invoice' is not a valid view function or pattern name.
"GET /app/ HTTP/1.1" 500 175642
Not Found: /mes-factures//
"GET //mes-factures// HTTP/1.1" 404 7532
Internal Server Error: /mes-factures/
Traceback (most recent call last):
  File "C:\Users\david\AppData\Local\Programs\Python\Python313\Lib\site-packages\django\core\handlers\exception.py", line 55, in inner
    response = get_response(request)
  File "C:\Users\david\AppData\Local\Programs\Python\Python313\Lib\site-packages\django\core\handlers\base.py", line 197, in _get_response
    response = wrapped_callback(request, *callback_args, **callback_kwargs)
  File "C:\Users\david\AppData\Local\Programs\Python\Python313\Lib\site-packages\django\contrib\auth\decorators.py", line 23, in _wrapper_view
    return view_func(request, *args, **kwargs)
  File "D:\project\BFMa\ProcureGenius\apps\core\views_user_panel.py", line 96, in user_invoices
    return render(request, 'core/user_invoices.html', context)
  File "C:\Users\david\AppData\Local\Programs\Python\Python313\Lib\site-packages\django\shortcuts.py", line 25, in render
    content = loader.render_to_string(template_name, context, request, using=using)
  File "C:\Users\david\AppData\Local\Programs\Python\Python313\Lib\site-packages\django\template\loader.py", line 62, in render_to_string
    return template.render(context, request)
           ~~~~~~~~~~~~~~~^^^^^^^^^^^^^^^^^^
  File "C:\Users\david\AppData\Local\Programs\Python\Python313\Lib\site-packages\django\template\backends\django.py", line 61, in render
    return self.template.render(context)
           ~~~~~~~~~~~~~~~~~~~~^^^^^^^^^
  File "C:\Users\david\AppData\Local\Programs\Python\Python313\Lib\site-packages\django\template\base.py", line 171, in render
    return self._render(context)
           ~~~~~~~~~~~~^^^^^^^^^
  File "C:\Users\david\AppData\Local\Programs\Python\Python313\Lib\site-packages\django\template\base.py", line 163, in _render
    return self.nodelist.render(context)
           ~~~~~~~~~~~~~~~~~~~~^^^^^^^^^
  File "C:\Users\david\AppData\Local\Programs\Python\Python313\Lib\site-packages\django\template\base.py", line 1000, in render
    return SafeString("".join([node.render_annotated(context) for node in self]))
                               ~~~~~~~~~~~~~~~~~~~~~^^^^^^^^^
  File "C:\Users\david\AppData\Local\Programs\Python\Python313\Lib\site-packages\django\template\base.py", line 961, in render_annotated
    return self.render(context)
           ~~~~~~~~~~~^^^^^^^^^
  File "C:\Users\david\AppData\Local\Programs\Python\Python313\Lib\site-packages\django\template\loader_tags.py", line 159, in render
    return compiled_parent._render(context)
           ~~~~~~~~~~~~~~~~~~~~~~~^^^^^^^^^
  File "C:\Users\david\AppData\Local\Programs\Python\Python313\Lib\site-packages\django\template\base.py", line 163, in _render
    return self.nodelist.render(context)
           ~~~~~~~~~~~~~~~~~~~~^^^^^^^^^
  File "C:\Users\david\AppData\Local\Programs\Python\Python313\Lib\site-packages\django\template\base.py", line 1000, in render
    return SafeString("".join([node.render_annotated(context) for node in self]))
                               ~~~~~~~~~~~~~~~~~~~~~^^^^^^^^^
  File "C:\Users\david\AppData\Local\Programs\Python\Python313\Lib\site-packages\django\template\base.py", line 961, in render_annotated
    return self.render(context)
           ~~~~~~~~~~~^^^^^^^^^
  File "C:\Users\david\AppData\Local\Programs\Python\Python313\Lib\site-packages\django\template\loader_tags.py", line 65, in render
    result = block.nodelist.render(context)
  File "C:\Users\david\AppData\Local\Programs\Python\Python313\Lib\site-packages\django\template\base.py", line 1000, in render
    return SafeString("".join([node.render_annotated(context) for node in self]))
                               ~~~~~~~~~~~~~~~~~~~~~^^^^^^^^^
  File "C:\Users\david\AppData\Local\Programs\Python\Python313\Lib\site-packages\django\template\base.py", line 961, in render_annotated
    return self.render(context)
           ~~~~~~~~~~~^^^^^^^^^
  File "C:\Users\david\AppData\Local\Programs\Python\Python313\Lib\site-packages\django\template\defaulttags.py", line 479, in render
    url = reverse(view_name, args=args, kwargs=kwargs, current_app=current_app)
  File "C:\Users\david\AppData\Local\Programs\Python\Python313\Lib\site-packages\django\urls\base.py", line 88, in reverse
    return resolver._reverse_with_prefix(view, prefix, *args, **kwargs)
           ~~~~~~~~~~~~~~~~~~~~~~~~~~~~~^^^^^^^^^^^^^^^^^^^^^^^^^^^^^^^
  File "C:\Users\david\AppData\Local\Programs\Python\Python313\Lib\site-packages\django\urls\resolvers.py", line 851, in _reverse_with_prefix
    raise NoReverseMatch(msg)
django.urls.exceptions.NoReverseMatch: Reverse for 'create_invoice' not found. 'create_invoice' is not a valid view function or pattern name.
"GET /mes-factures/ HTTP/1.1" 500 167179
"HEAD /mes-factures/ HTTP/1.1" 302 0
"GET /mes-factures/ HTTP/1.1" 200 34966
"GET /static/css/mobile-improvements.css HTTP/1.1" 304 0
"GET /static/css/main.css HTTP/1.1" 304 0
"GET /static/js/forms.js HTTP/1.1" 304 0
"GET /static/js/main.js HTTP/1.1" 304 0
"GET /static/js/components.js HTTP/1.1" 304 0
"GET /static/js/inline-editing.js HTTP/1.1" 304 0
"GET /static/js/mobile.js HTTP/1.1" 304 0
"GET /static/js/sw.js HTTP/1.1" 404 1884
"GET /mes-factures/?q=hh&status= HTTP/1.1" 200 29840
"GET /static/js/sw.js HTTP/1.1" 404 1884
"GET /mes-factures/ HTTP/1.1" 200 34966
"GET /static/js/sw.js HTTP/1.1" 404 1884
Internal Server Error: /invoicing/060c04ac-06dc-456d-b355-43afc75b178e/
Traceback (most recent call last):
  File "C:\Users\david\AppData\Local\Programs\Python\Python313\Lib\site-packages\django\core\handlers\exception.py", line 55, in inner
    response = get_response(request)
  File "C:\Users\david\AppData\Local\Programs\Python\Python313\Lib\site-packages\django\core\handlers\base.py", line 197, in _get_response
    response = wrapped_callback(request, *callback_args, **callback_kwargs)
  File "C:\Users\david\AppData\Local\Programs\Python\Python313\Lib\site-packages\django\contrib\auth\decorators.py", line 23, in _wrapper_view
    return view_func(request, *args, **kwargs)
  File "D:\project\BFMa\ProcureGenius\apps\invoicing\views.py", line 58, in invoice_detail
    return render(request, 'invoicing/invoice_detail.html', context)
  File "C:\Users\david\AppData\Local\Programs\Python\Python313\Lib\site-packages\django\shortcuts.py", line 25, in render
    content = loader.render_to_string(template_name, context, request, using=using)
  File "C:\Users\david\AppData\Local\Programs\Python\Python313\Lib\site-packages\django\template\loader.py", line 61, in render_to_string
    template = get_template(template_name, using=using)
  File "C:\Users\david\AppData\Local\Programs\Python\Python313\Lib\site-packages\django\template\loader.py", line 19, in get_template
    raise TemplateDoesNotExist(template_name, chain=chain)
django.template.exceptions.TemplateDoesNotExist: invoicing/invoice_detail.html
"GET /invoicing/060c04ac-06dc-456d-b355-43afc75b178e/ HTTP/1.1" 500 91540
"GET /mes-factures/ HTTP/1.1" 200 34966
"GET /static/js/sw.js HTTP/1.1" 404 1884
"GET /dashboard/ HTTP/1.1" 200 31207
"GET /static/js/sw.js HTTP/1.1" 404 1884
"GET /mes-commandes/ HTTP/1.1" 200 35841
"GET /static/js/sw.js HTTP/1.1" 404 1884
"GET /dashboard/ HTTP/1.1" 200 31207
"GET /static/js/sw.js HTTP/1.1" 404 1884
"GET /app/ HTTP/1.1" 200 31219
"GET /static/js/sw.js HTTP/1.1" 404 1884
"GET /admin/ HTTP/1.1" 200 13191
"GET /static/admin/css/base.css HTTP/1.1" 304 0
"GET /static/admin/css/dark_mode.css HTTP/1.1" 304 0
"GET /static/admin/css/nav_sidebar.css HTTP/1.1" 304 0
"GET /static/admin/css/dashboard.css HTTP/1.1" 304 0
"GET /static/admin/js/nav_sidebar.js HTTP/1.1" 304 0
"GET /static/admin/css/responsive.css HTTP/1.1" 304 0
"GET /static/admin/js/theme.js HTTP/1.1" 304 0
"GET /static/admin/img/icon-addlink.svg HTTP/1.1" 304 0
"GET /static/admin/img/icon-changelink.svg HTTP/1.1" 304 0
D:\project\BFMa\ProcureGenius\apps\core\views_user_panel.py changed, reloading.
D:\project\BFMa\ProcureGenius\apps\core\views_user_panel.py changed, reloading.
D:\project\BFMa\ProcureGenius\apps\core\views_user_panel.py changed, reloading.
Watching for file changes with StatReloader
Watching for file changes with StatReloader
Watching for file changes with StatReloader
"GET /app/ HTTP/1.1" 200 28137
"GET /mes-commandes/ HTTP/1.1" 200 35841
"GET /static/js/sw.js HTTP/1.1" 404 1884
D:\project\BFMa\ProcureGenius\apps\core\views_user_panel.py changed, reloading.
D:\project\BFMa\ProcureGenius\apps\core\views_user_panel.py changed, reloading.
D:\project\BFMa\ProcureGenius\apps\core\views_user_panel.py changed, reloading.
Watching for file changes with StatReloader
Watching for file changes with StatReloader
Watching for file changes with StatReloader
D:\project\BFMa\ProcureGenius\apps\core\views_user_panel.py changed, reloading.
D:\project\BFMa\ProcureGenius\apps\core\views_user_panel.py changed, reloading.
D:\project\BFMa\ProcureGenius\apps\core\views_user_panel.py changed, reloading.
Watching for file changes with StatReloader
Watching for file changes with StatReloader
Watching for file changes with StatReloader
D:\project\BFMa\ProcureGenius\apps\core\views_user_panel.py changed, reloading.
D:\project\BFMa\ProcureGenius\apps\core\views_user_panel.py changed, reloading.
D:\project\BFMa\ProcureGenius\apps\core\views_user_panel.py changed, reloading.
Watching for file changes with StatReloader
Watching for file changes with StatReloader
Watching for file changes with StatReloader
"GET /app/ HTTP/1.1" 200 30928
"GET /app/ HTTP/1.1" 200 30928
"GET /mes-factures/ HTTP/1.1" 200 28389
Internal Server Error: /fournisseurs/
Traceback (most recent call last):
  File "C:\Users\david\AppData\Local\Programs\Python\Python313\Lib\site-packages\django\core\handlers\exception.py", line 55, in inner
    response = get_response(request)
  File "C:\Users\david\AppData\Local\Programs\Python\Python313\Lib\site-packages\django\core\handlers\base.py", line 197, in _get_response
    response = wrapped_callback(request, *callback_args, **callback_kwargs)
  File "C:\Users\david\AppData\Local\Programs\Python\Python313\Lib\site-packages\django\contrib\auth\decorators.py", line 23, in _wrapper_view
    return view_func(request, *args, **kwargs)
  File "D:\project\BFMa\ProcureGenius\apps\core\views_user_panel.py", line 175, in user_suppliers
    return render(request, 'core/user_suppliers_tailwind.html', context)
  File "C:\Users\david\AppData\Local\Programs\Python\Python313\Lib\site-packages\django\shortcuts.py", line 25, in render
    content = loader.render_to_string(template_name, context, request, using=using)
  File "C:\Users\david\AppData\Local\Programs\Python\Python313\Lib\site-packages\django\template\loader.py", line 62, in render_to_string
    return template.render(context, request)
           ~~~~~~~~~~~~~~~^^^^^^^^^^^^^^^^^^
  File "C:\Users\david\AppData\Local\Programs\Python\Python313\Lib\site-packages\django\template\backends\django.py", line 61, in render
    return self.template.render(context)
           ~~~~~~~~~~~~~~~~~~~~^^^^^^^^^
  File "C:\Users\david\AppData\Local\Programs\Python\Python313\Lib\site-packages\django\template\base.py", line 171, in render
    return self._render(context)
           ~~~~~~~~~~~~^^^^^^^^^
  File "C:\Users\david\AppData\Local\Programs\Python\Python313\Lib\site-packages\django\template\base.py", line 163, in _render
    return self.nodelist.render(context)
           ~~~~~~~~~~~~~~~~~~~~^^^^^^^^^
  File "C:\Users\david\AppData\Local\Programs\Python\Python313\Lib\site-packages\django\template\base.py", line 1000, in render
    return SafeString("".join([node.render_annotated(context) for node in self]))
                               ~~~~~~~~~~~~~~~~~~~~~^^^^^^^^^
  File "C:\Users\david\AppData\Local\Programs\Python\Python313\Lib\site-packages\django\template\base.py", line 961, in render_annotated
    return self.render(context)
           ~~~~~~~~~~~^^^^^^^^^
  File "C:\Users\david\AppData\Local\Programs\Python\Python313\Lib\site-packages\django\template\loader_tags.py", line 159, in render
    return compiled_parent._render(context)
           ~~~~~~~~~~~~~~~~~~~~~~~^^^^^^^^^
  File "C:\Users\david\AppData\Local\Programs\Python\Python313\Lib\site-packages\django\template\base.py", line 163, in _render
    return self.nodelist.render(context)
           ~~~~~~~~~~~~~~~~~~~~^^^^^^^^^
  File "C:\Users\david\AppData\Local\Programs\Python\Python313\Lib\site-packages\django\template\base.py", line 1000, in render
    return SafeString("".join([node.render_annotated(context) for node in self]))
                               ~~~~~~~~~~~~~~~~~~~~~^^^^^^^^^
  File "C:\Users\david\AppData\Local\Programs\Python\Python313\Lib\site-packages\django\template\base.py", line 961, in render_annotated
    return self.render(context)
           ~~~~~~~~~~~^^^^^^^^^
  File "C:\Users\david\AppData\Local\Programs\Python\Python313\Lib\site-packages\django\template\loader_tags.py", line 65, in render
    result = block.nodelist.render(context)
  File "C:\Users\david\AppData\Local\Programs\Python\Python313\Lib\site-packages\django\template\base.py", line 1000, in render
    return SafeString("".join([node.render_annotated(context) for node in self]))
                               ~~~~~~~~~~~~~~~~~~~~~^^^^^^^^^
  File "C:\Users\david\AppData\Local\Programs\Python\Python313\Lib\site-packages\django\template\base.py", line 961, in render_annotated
    return self.render(context)
           ~~~~~~~~~~~^^^^^^^^^
  File "C:\Users\david\AppData\Local\Programs\Python\Python313\Lib\site-packages\django\template\defaulttags.py", line 479, in render
    url = reverse(view_name, args=args, kwargs=kwargs, current_app=current_app)
  File "C:\Users\david\AppData\Local\Programs\Python\Python313\Lib\site-packages\django\urls\base.py", line 88, in reverse
    return resolver._reverse_with_prefix(view, prefix, *args, **kwargs)
           ~~~~~~~~~~~~~~~~~~~~~~~~~~~~~^^^^^^^^^^^^^^^^^^^^^^^^^^^^^^^
  File "C:\Users\david\AppData\Local\Programs\Python\Python313\Lib\site-packages\django\urls\resolvers.py", line 851, in _reverse_with_prefix
    raise NoReverseMatch(msg)
django.urls.exceptions.NoReverseMatch: Reverse for 'create' not found. 'create' is not a valid view function or pattern name.
"GET /fournisseurs/ HTTP/1.1" 500 164905
"GET /app/ HTTP/1.1" 200 30928
"GET /mes-commandes/ HTTP/1.1" 200 29139
Internal Server Error: /fournisseurs/
Traceback (most recent call last):
  File "C:\Users\david\AppData\Local\Programs\Python\Python313\Lib\site-packages\django\core\handlers\exception.py", line 55, in inner
    response = get_response(request)
  File "C:\Users\david\AppData\Local\Programs\Python\Python313\Lib\site-packages\django\core\handlers\base.py", line 197, in _get_response
    response = wrapped_callback(request, *callback_args, **callback_kwargs)
  File "C:\Users\david\AppData\Local\Programs\Python\Python313\Lib\site-packages\django\contrib\auth\decorators.py", line 23, in _wrapper_view
    return view_func(request, *args, **kwargs)
  File "D:\project\BFMa\ProcureGenius\apps\core\views_user_panel.py", line 175, in user_suppliers
    return render(request, 'core/user_suppliers_tailwind.html', context)
  File "C:\Users\david\AppData\Local\Programs\Python\Python313\Lib\site-packages\django\shortcuts.py", line 25, in render
    content = loader.render_to_string(template_name, context, request, using=using)
  File "C:\Users\david\AppData\Local\Programs\Python\Python313\Lib\site-packages\django\template\loader.py", line 62, in render_to_string
    return template.render(context, request)
           ~~~~~~~~~~~~~~~^^^^^^^^^^^^^^^^^^
  File "C:\Users\david\AppData\Local\Programs\Python\Python313\Lib\site-packages\django\template\backends\django.py", line 61, in render
    return self.template.render(context)
           ~~~~~~~~~~~~~~~~~~~~^^^^^^^^^
  File "C:\Users\david\AppData\Local\Programs\Python\Python313\Lib\site-packages\django\template\base.py", line 171, in render
    return self._render(context)
           ~~~~~~~~~~~~^^^^^^^^^
  File "C:\Users\david\AppData\Local\Programs\Python\Python313\Lib\site-packages\django\template\base.py", line 163, in _render
    return self.nodelist.render(context)
           ~~~~~~~~~~~~~~~~~~~~^^^^^^^^^
  File "C:\Users\david\AppData\Local\Programs\Python\Python313\Lib\site-packages\django\template\base.py", line 1000, in render
    return SafeString("".join([node.render_annotated(context) for node in self]))
                               ~~~~~~~~~~~~~~~~~~~~~^^^^^^^^^
  File "C:\Users\david\AppData\Local\Programs\Python\Python313\Lib\site-packages\django\template\base.py", line 961, in render_annotated
    return self.render(context)
           ~~~~~~~~~~~^^^^^^^^^
  File "C:\Users\david\AppData\Local\Programs\Python\Python313\Lib\site-packages\django\template\loader_tags.py", line 159, in render
    return compiled_parent._render(context)
           ~~~~~~~~~~~~~~~~~~~~~~~^^^^^^^^^
  File "C:\Users\david\AppData\Local\Programs\Python\Python313\Lib\site-packages\django\template\base.py", line 163, in _render
    return self.nodelist.render(context)
           ~~~~~~~~~~~~~~~~~~~~^^^^^^^^^
  File "C:\Users\david\AppData\Local\Programs\Python\Python313\Lib\site-packages\django\template\base.py", line 1000, in render
    return SafeString("".join([node.render_annotated(context) for node in self]))
                               ~~~~~~~~~~~~~~~~~~~~~^^^^^^^^^
  File "C:\Users\david\AppData\Local\Programs\Python\Python313\Lib\site-packages\django\template\base.py", line 961, in render_annotated
    return self.render(context)
           ~~~~~~~~~~~^^^^^^^^^
  File "C:\Users\david\AppData\Local\Programs\Python\Python313\Lib\site-packages\django\template\loader_tags.py", line 65, in render
    result = block.nodelist.render(context)
  File "C:\Users\david\AppData\Local\Programs\Python\Python313\Lib\site-packages\django\template\base.py", line 1000, in render
    return SafeString("".join([node.render_annotated(context) for node in self]))
                               ~~~~~~~~~~~~~~~~~~~~~^^^^^^^^^
  File "C:\Users\david\AppData\Local\Programs\Python\Python313\Lib\site-packages\django\template\base.py", line 961, in render_annotated
    return self.render(context)
           ~~~~~~~~~~~^^^^^^^^^
  File "C:\Users\david\AppData\Local\Programs\Python\Python313\Lib\site-packages\django\template\defaulttags.py", line 479, in render
    url = reverse(view_name, args=args, kwargs=kwargs, current_app=current_app)
  File "C:\Users\david\AppData\Local\Programs\Python\Python313\Lib\site-packages\django\urls\base.py", line 88, in reverse
    return resolver._reverse_with_prefix(view, prefix, *args, **kwargs)
           ~~~~~~~~~~~~~~~~~~~~~~~~~~~~~^^^^^^^^^^^^^^^^^^^^^^^^^^^^^^^
  File "C:\Users\david\AppData\Local\Programs\Python\Python313\Lib\site-packages\django\urls\resolvers.py", line 851, in _reverse_with_prefix
    raise NoReverseMatch(msg)
django.urls.exceptions.NoReverseMatch: Reverse for 'create' not found. 'create' is not a valid view function or pattern name.
"GET /fournisseurs/ HTTP/1.1" 500 164906
"GET /mes-factures/ HTTP/1.1" 200 28389
"GET /app/ HTTP/1.1" 200 30928
D:\project\BFMa\ProcureGenius\apps\core\views_user_panel.py changed, reloading.
D:\project\BFMa\ProcureGenius\apps\core\views_user_panel.py changed, reloading.
D:\project\BFMa\ProcureGenius\apps\core\views_user_panel.py changed, reloading.
Watching for file changes with StatReloader
Watching for file changes with StatReloader
Watching for file changes with StatReloader
"GET /fournisseurs/ HTTP/1.1" 200 25483
"GET /mes-commandes/ HTTP/1.1" 200 29139
"GET /mes-factures/ HTTP/1.1" 200 28389
"GET /app/ HTTP/1.1" 200 30928
"GET /mes-factures/ HTTP/1.1" 200 28389
"GET /mes-commandes/ HTTP/1.1" 200 29139
"GET /fournisseurs/ HTTP/1.1" 200 25483
"GET /mes-commandes/ HTTP/1.1" 200 29139
"GET /mes-factures/ HTTP/1.1" 200 28389
"GET /app/ HTTP/1.1" 200 30928
Internal Server Error: /invoicing/create/
Traceback (most recent call last):
  File "C:\Users\david\AppData\Local\Programs\Python\Python313\Lib\site-packages\django\core\handlers\exception.py", line 55, in inner
    response = get_response(request)
  File "C:\Users\david\AppData\Local\Programs\Python\Python313\Lib\site-packages\django\core\handlers\base.py", line 197, in _get_response
    response = wrapped_callback(request, *callback_args, **callback_kwargs)
  File "C:\Users\david\AppData\Local\Programs\Python\Python313\Lib\site-packages\django\contrib\auth\decorators.py", line 23, in _wrapper_view
    return view_func(request, *args, **kwargs)
  File "D:\project\BFMa\ProcureGenius\apps\invoicing\views.py", line 78, in invoice_create
    return render(request, 'invoicing/invoice_form.html', context)
  File "C:\Users\david\AppData\Local\Programs\Python\Python313\Lib\site-packages\django\shortcuts.py", line 25, in render
    content = loader.render_to_string(template_name, context, request, using=using)
  File "C:\Users\david\AppData\Local\Programs\Python\Python313\Lib\site-packages\django\template\loader.py", line 61, in render_to_string
    template = get_template(template_name, using=using)
  File "C:\Users\david\AppData\Local\Programs\Python\Python313\Lib\site-packages\django\template\loader.py", line 19, in get_template
    raise TemplateDoesNotExist(template_name, chain=chain)
django.template.exceptions.TemplateDoesNotExist: invoicing/invoice_form.html
"GET /invoicing/create/ HTTP/1.1" 500 98789
"GET /mes-factures/ HTTP/1.1" 200 28389
D:\project\BFMa\ProcureGenius\apps\invoicing\views.py changed, reloading.
Watching for file changes with StatReloader
D:\project\BFMa\ProcureGenius\apps\invoicing\models.py changed, reloading.
Watching for file changes with StatReloader
"GET / HTTP/1.1" 200 28461
D:\project\BFMa\ProcureGenius\apps\invoicing\models.py changed, reloading.
Watching for file changes with StatReloader
D:\project\BFMa\ProcureGenius\apps\invoicing\signals.py changed, reloading.
Watching for file changes with StatReloader
D:\project\BFMa\ProcureGenius\apps\invoicing\models.py changed, reloading.
Watching for file changes with StatReloader
D:\project\BFMa\ProcureGenius\apps\invoicing\admin.py changed, reloading.
Watching for file changes with StatReloader
D:\project\BFMa\ProcureGenius\apps\invoicing\models.py changed, reloading.
Watching for file changes with StatReloader
Not Found: /flavicon.ico
"GET /flavicon.ico HTTP/1.1" 404 7526
Not Found: /sw.js
"GET /sw.js?v=2 HTTP/1.1" 404 7509
"GET /app/ HTTP/1.1" 200 30928
Not Found: /favicon.ico
"GET /favicon.ico HTTP/1.1" 404 7523
Not Found: /sw.js
"GET /sw.js?v=2 HTTP/1.1" 404 7509
Internal Server Error: /invoicing/create/
Traceback (most recent call last):
  File "C:\Users\david\AppData\Local\Programs\Python\Python313\Lib\site-packages\django\core\handlers\exception.py", line 55, in inner
    response = get_response(request)
  File "C:\Users\david\AppData\Local\Programs\Python\Python313\Lib\site-packages\django\core\handlers\base.py", line 197, in _get_response
    response = wrapped_callback(request, *callback_args, **callback_kwargs)
  File "C:\Users\david\AppData\Local\Programs\Python\Python313\Lib\site-packages\django\contrib\auth\decorators.py", line 23, in _wrapper_view
    return view_func(request, *args, **kwargs)
  File "D:\project\BFMa\ProcureGenius\apps\invoicing\views.py", line 78, in invoice_create
    return render(request, 'invoicing/invoice_form.html', context)
  File "C:\Users\david\AppData\Local\Programs\Python\Python313\Lib\site-packages\django\shortcuts.py", line 25, in render
    content = loader.render_to_string(template_name, context, request, using=using)
  File "C:\Users\david\AppData\Local\Programs\Python\Python313\Lib\site-packages\django\template\loader.py", line 61, in render_to_string
    template = get_template(template_name, using=using)
  File "C:\Users\david\AppData\Local\Programs\Python\Python313\Lib\site-packages\django\template\loader.py", line 19, in get_template
    raise TemplateDoesNotExist(template_name, chain=chain)
django.template.exceptions.TemplateDoesNotExist: invoicing/invoice_form.html
"GET /invoicing/create/ HTTP/1.1" 500 91091
Internal Server Error: /invoicing/create/
Traceback (most recent call last):
  File "C:\Users\david\AppData\Local\Programs\Python\Python313\Lib\site-packages\django\core\handlers\exception.py", line 55, in inner
    response = get_response(request)
  File "C:\Users\david\AppData\Local\Programs\Python\Python313\Lib\site-packages\django\core\handlers\base.py", line 197, in _get_response
    response = wrapped_callback(request, *callback_args, **callback_kwargs)
  File "C:\Users\david\AppData\Local\Programs\Python\Python313\Lib\site-packages\django\contrib\auth\decorators.py", line 23, in _wrapper_view
    return view_func(request, *args, **kwargs)
  File "D:\project\BFMa\ProcureGenius\apps\invoicing\views.py", line 78, in invoice_create
    return render(request, 'invoicing/invoice_form.html', context)
  File "C:\Users\david\AppData\Local\Programs\Python\Python313\Lib\site-packages\django\shortcuts.py", line 25, in render
    content = loader.render_to_string(template_name, context, request, using=using)
  File "C:\Users\david\AppData\Local\Programs\Python\Python313\Lib\site-packages\django\template\loader.py", line 61, in render_to_string
    template = get_template(template_name, using=using)
  File "C:\Users\david\AppData\Local\Programs\Python\Python313\Lib\site-packages\django\template\loader.py", line 19, in get_template
    raise TemplateDoesNotExist(template_name, chain=chain)
django.template.exceptions.TemplateDoesNotExist: invoicing/invoice_form.html
"GET /invoicing/create/ HTTP/1.1" 500 91091
D:\project\BFMa\ProcureGenius\apps\invoicing\admin.py changed, reloading.
Watching for file changes with StatReloader
D:\project\BFMa\ProcureGenius\apps\invoicing\views.py changed, reloading.
Watching for file changes with StatReloader
D:\project\BFMa\ProcureGenius\apps\invoicing\views.py changed, reloading.
Watching for file changes with StatReloader
D:\project\BFMa\ProcureGenius\apps\invoicing\views.py changed, reloading.
Watching for file changes with StatReloader
D:\project\BFMa\ProcureGenius\apps\invoicing\forms_simple.py changed, reloading.
Watching for file changes with StatReloader
D:\project\BFMa\ProcureGenius\apps\invoicing\views.py changed, reloading.
Watching for file changes with StatReloader
D:\project\BFMa\ProcureGenius\apps\invoicing\views.py changed, reloading.
Watching for file changes with StatReloader
"GET /invoicing/create/ HTTP/1.1" 200 53706
"GET /static/css/theme.css HTTP/1.1" 304 0
"GET /static/css/mobile-improvements.css HTTP/1.1" 304 0
"GET /static/css/admin.css HTTP/1.1" 304 0
"GET /static/js/mobile.js HTTP/1.1" 304 0
"GET /static/css/main.css HTTP/1.1" 304 0
"GET /static/js/main.js HTTP/1.1" 304 0
"GET /static/js/forms.js HTTP/1.1" 304 0
"GET /static/js/components.js HTTP/1.1" 304 0
"GET /static/js/inline-editing.js HTTP/1.1" 304 0
"GET /static/js/sw.js HTTP/1.1" 404 1884
D:\project\BFMa\ProcureGenius\apps\invoicing\views.py changed, reloading.
Watching for file changes with StatReloader
D:\project\BFMa\ProcureGenius\apps\invoicing\forms_simple.py changed, reloading.
Watching for file changes with StatReloader
D:\project\BFMa\ProcureGenius\apps\invoicing\models.py changed, reloading.
Watching for file changes with StatReloader
D:\project\BFMa\ProcureGenius\apps\invoicing\admin.py changed, reloading.
Watching for file changes with StatReloader
D:\project\BFMa\ProcureGenius\apps\invoicing\views.py changed, reloading.
Watching for file changes with StatReloader
D:\project\BFMa\ProcureGenius\apps\invoicing\views.py changed, reloading.
Watching for file changes with StatReloader
D:\project\BFMa\ProcureGenius\apps\invoicing\views.py changed, reloading.
Watching for file changes with StatReloader
D:\project\BFMa\ProcureGenius\apps\invoicing\views.py changed, reloading.
Watching for file changes with StatReloader
Watching for file changes with StatReloader
D:\project\BFMa\ProcureGenius\apps\invoicing\admin.py changed, reloading.
Watching for file changes with StatReloader
D:\project\BFMa\ProcureGenius\apps\invoicing\models.py changed, reloading.
Watching for file changes with StatReloader
Watching for file changes with StatReloader
D:\project\BFMa\ProcureGenius\apps\invoicing\models.py changed, reloading.
D:\project\BFMa\ProcureGenius\apps\invoicing\admin.py changed, reloading.
Watching for file changes with StatReloader
Watching for file changes with StatReloader
"GET /mes-factures/ HTTP/1.1" 200 28389
"GET /mes-factures/ HTTP/1.1" 200 28389
Internal Server Error: /invoicing/create/
Traceback (most recent call last):
  File "C:\Users\david\AppData\Local\Programs\Python\Python313\Lib\site-packages\django\core\handlers\exception.py", line 55, in inner
    response = get_response(request)
  File "C:\Users\david\AppData\Local\Programs\Python\Python313\Lib\site-packages\django\core\handlers\base.py", line 197, in _get_response
    response = wrapped_callback(request, *callback_args, **callback_kwargs)
  File "C:\Users\david\AppData\Local\Programs\Python\Python313\Lib\site-packages\django\contrib\auth\decorators.py", line 23, in _wrapper_view
    return view_func(request, *args, **kwargs)
  File "D:\project\BFMa\ProcureGenius\apps\invoicing\views.py", line 106, in invoice_create
    clients = User.objects.filter(is_staff=False, is_active=True).order_by('first_name', 'last_name')
              ^^^^
NameError: name 'User' is not defined
"GET /invoicing/create/ HTTP/1.1" 500 74688
"GET /invoicing/060c04ac-06dc-456d-b355-43afc75b178e/ HTTP/1.1" 200 32165
"GET /static/css/theme.css HTTP/1.1" 304 0
"GET /static/css/admin.css HTTP/1.1" 304 0
"GET /static/css/main.css HTTP/1.1" 304 0
"GET /static/js/main.js HTTP/1.1" 304 0
"GET /static/css/mobile-improvements.css HTTP/1.1" 304 0
"GET /static/js/forms.js HTTP/1.1" 304 0
"GET /static/js/mobile.js HTTP/1.1" 304 0
"GET /static/js/inline-editing.js HTTP/1.1" 304 0
"GET /static/js/components.js HTTP/1.1" 304 0
"GET /static/js/sw.js HTTP/1.1" 404 1884
"GET /invoicing/060c04ac-06dc-456d-b355-43afc75b178e/print/ HTTP/1.1" 200 12575
"GET /mes-factures/ HTTP/1.1" 200 28389
"GET /mes-commandes/ HTTP/1.1" 200 29139
Internal Server Error: /purchase-orders/03e5dfcb-e81d-46df-b531-87894b3cc85e/
Traceback (most recent call last):
  File "C:\Users\david\AppData\Local\Programs\Python\Python313\Lib\site-packages\django\core\handlers\exception.py", line 55, in inner
    response = get_response(request)
  File "C:\Users\david\AppData\Local\Programs\Python\Python313\Lib\site-packages\django\core\handlers\base.py", line 197, in _get_response
    response = wrapped_callback(request, *callback_args, **callback_kwargs)
  File "C:\Users\david\AppData\Local\Programs\Python\Python313\Lib\site-packages\django\contrib\auth\decorators.py", line 23, in _wrapper_view
    return view_func(request, *args, **kwargs)
TypeError: purchase_order_detail() got an unexpected keyword argument 'po_id'
"GET /purchase-orders/03e5dfcb-e81d-46df-b531-87894b3cc85e/ HTTP/1.1" 500 70717
Internal Server Error: /purchase-orders/03e5dfcb-e81d-46df-b531-87894b3cc85e/
Traceback (most recent call last):
  File "C:\Users\david\AppData\Local\Programs\Python\Python313\Lib\site-packages\django\core\handlers\exception.py", line 55, in inner
    response = get_response(request)
  File "C:\Users\david\AppData\Local\Programs\Python\Python313\Lib\site-packages\django\core\handlers\base.py", line 197, in _get_response
    response = wrapped_callback(request, *callback_args, **callback_kwargs)
  File "C:\Users\david\AppData\Local\Programs\Python\Python313\Lib\site-packages\django\contrib\auth\decorators.py", line 23, in _wrapper_view
    return view_func(request, *args, **kwargs)
TypeError: purchase_order_detail() got an unexpected keyword argument 'po_id'
"GET /purchase-orders/03e5dfcb-e81d-46df-b531-87894b3cc85e/ HTTP/1.1" 500 70717
"GET /mes-factures/ HTTP/1.1" 200 28389
"GET /invoicing/060c04ac-06dc-456d-b355-43afc75b178e/ HTTP/1.1" 200 32165
"GET /static/js/sw.js HTTP/1.1" 404 1884
Internal Server Error: /invoicing/060c04ac-06dc-456d-b355-43afc75b178e/edit/
Traceback (most recent call last):
  File "C:\Users\david\AppData\Local\Programs\Python\Python313\Lib\site-packages\django\core\handlers\exception.py", line 55, in inner
    response = get_response(request)
  File "C:\Users\david\AppData\Local\Programs\Python\Python313\Lib\site-packages\django\core\handlers\base.py", line 197, in _get_response
    response = wrapped_callback(request, *callback_args, **callback_kwargs)
  File "C:\Users\david\AppData\Local\Programs\Python\Python313\Lib\site-packages\django\contrib\auth\decorators.py", line 23, in _wrapper_view
    return view_func(request, *args, **kwargs)
  File "D:\project\BFMa\ProcureGenius\apps\invoicing\views.py", line 150, in invoice_edit
    if not invoice.can_be_edited():
           ^^^^^^^^^^^^^^^^^^^^^
AttributeError: 'Invoice' object has no attribute 'can_be_edited'
"GET /invoicing/060c04ac-06dc-456d-b355-43afc75b178e/edit/ HTTP/1.1" 500 74891
"GET /app/ HTTP/1.1" 200 30928
"GET /mes-factures/ HTTP/1.1" 200 28389
"GET /mes-commandes/ HTTP/1.1" 200 29139
"GET /fournisseurs/ HTTP/1.1" 200 25483
"GET /mes-commandes/ HTTP/1.1" 200 29139
"GET /mes-factures/ HTTP/1.1" 200 28389
"GET /mes-factures/ HTTP/1.1" 200 28389
"GET /app/ HTTP/1.1" 200 30928
Internal Server Error: /invoicing/create/
Traceback (most recent call last):
  File "C:\Users\david\AppData\Local\Programs\Python\Python313\Lib\site-packages\django\core\handlers\exception.py", line 55, in inner
    response = get_response(request)
  File "C:\Users\david\AppData\Local\Programs\Python\Python313\Lib\site-packages\django\core\handlers\base.py", line 197, in _get_response
    response = wrapped_callback(request, *callback_args, **callback_kwargs)
  File "C:\Users\david\AppData\Local\Programs\Python\Python313\Lib\site-packages\django\contrib\auth\decorators.py", line 23, in _wrapper_view
    return view_func(request, *args, **kwargs)
  File "D:\project\BFMa\ProcureGenius\apps\invoicing\views.py", line 106, in invoice_create
    clients = User.objects.filter(is_staff=False, is_active=True).order_by('first_name', 'last_name')
              ^^^^
NameError: name 'User' is not defined
"GET /invoicing/create/ HTTP/1.1" 500 74679
Internal Server Error: /purchase-orders/create/
Traceback (most recent call last):
  File "C:\Users\david\AppData\Local\Programs\Python\Python313\Lib\site-packages\django\core\handlers\exception.py", line 55, in inner
    response = get_response(request)
  File "C:\Users\david\AppData\Local\Programs\Python\Python313\Lib\site-packages\django\core\handlers\base.py", line 197, in _get_response
    response = wrapped_callback(request, *callback_args, **callback_kwargs)
  File "C:\Users\david\AppData\Local\Programs\Python\Python313\Lib\site-packages\django\contrib\auth\decorators.py", line 23, in _wrapper_view
    return view_func(request, *args, **kwargs)
  File "D:\project\BFMa\ProcureGenius\apps\purchase_orders\views.py", line 82, in purchase_order_create
    return render(request, 'purchase_orders/purchase_order_form.html', context)
  File "C:\Users\david\AppData\Local\Programs\Python\Python313\Lib\site-packages\django\shortcuts.py", line 25, in render
    content = loader.render_to_string(template_name, context, request, using=using)
  File "C:\Users\david\AppData\Local\Programs\Python\Python313\Lib\site-packages\django\template\loader.py", line 61, in render_to_string
    template = get_template(template_name, using=using)
  File "C:\Users\david\AppData\Local\Programs\Python\Python313\Lib\site-packages\django\template\loader.py", line 19, in get_template
    raise TemplateDoesNotExist(template_name, chain=chain)
django.template.exceptions.TemplateDoesNotExist: purchase_orders/purchase_order_form.html
"GET /purchase-orders/create/ HTTP/1.1" 500 91706
"GET /mes-factures/ HTTP/1.1" 200 28389
"GET /invoicing/060c04ac-06dc-456d-b355-43afc75b178e/ HTTP/1.1" 200 32165
"GET /static/js/sw.js HTTP/1.1" 404 1884
"GET /invoicing/060c04ac-06dc-456d-b355-43afc75b178e/? HTTP/1.1" 200 32165
"GET /static/js/sw.js HTTP/1.1" 404 1884
Forbidden (CSRF token missing.): /invoicing/060c04ac-06dc-456d-b355-43afc75b178e/
"POST /invoicing/060c04ac-06dc-456d-b355-43afc75b178e/ HTTP/1.1" 403 2528
"GET /invoicing/060c04ac-06dc-456d-b355-43afc75b178e/? HTTP/1.1" 200 32165
"GET /static/js/sw.js HTTP/1.1" 404 1884
"GET /invoicing/060c04ac-06dc-456d-b355-43afc75b178e/ HTTP/1.1" 200 32165
"GET /static/js/sw.js HTTP/1.1" 404 1884
"GET /invoicing/060c04ac-06dc-456d-b355-43afc75b178e/print/ HTTP/1.1" 200 12575
D:\project\BFMa\ProcureGenius\apps\invoicing\views.py changed, reloading.
D:\project\BFMa\ProcureGenius\apps\invoicing\views.py changed, reloading.
Watching for file changes with StatReloader
Watching for file changes with StatReloader
D:\project\BFMa\ProcureGenius\apps\invoicing\models.py changed, reloading.
D:\project\BFMa\ProcureGenius\apps\invoicing\models.py changed, reloading.
Watching for file changes with StatReloader
Watching for file changes with StatReloader
"GET /invoicing/060c04ac-06dc-456d-b355-43afc75b178e/print/ HTTP/1.1" 200 12575
"GET /static/js/sw.js HTTP/1.1" 404 1884
D:\project\BFMa\ProcureGenius\apps\invoicing\views.py changed, reloading.
D:\project\BFMa\ProcureGenius\apps\invoicing\models.py changed, reloading.
Watching for file changes with StatReloader
Watching for file changes with StatReloader
"GET /mes-factures/ HTTP/1.1" 200 28389
"GET /mes-commandes/ HTTP/1.1" 200 29139
Internal Server Error: /purchase-orders/create/
Traceback (most recent call last):
  File "C:\Users\david\AppData\Local\Programs\Python\Python313\Lib\site-packages\django\core\handlers\exception.py", line 55, in inner
    response = get_response(request)
  File "C:\Users\david\AppData\Local\Programs\Python\Python313\Lib\site-packages\django\core\handlers\base.py", line 197, in _get_response
    response = wrapped_callback(request, *callback_args, **callback_kwargs)
  File "C:\Users\david\AppData\Local\Programs\Python\Python313\Lib\site-packages\django\contrib\auth\decorators.py", line 23, in _wrapper_view
    return view_func(request, *args, **kwargs)
  File "D:\project\BFMa\ProcureGenius\apps\purchase_orders\views.py", line 82, in purchase_order_create
    return render(request, 'purchase_orders/purchase_order_form.html', context)
  File "C:\Users\david\AppData\Local\Programs\Python\Python313\Lib\site-packages\django\shortcuts.py", line 25, in render
    content = loader.render_to_string(template_name, context, request, using=using)
  File "C:\Users\david\AppData\Local\Programs\Python\Python313\Lib\site-packages\django\template\loader.py", line 61, in render_to_string
    template = get_template(template_name, using=using)
  File "C:\Users\david\AppData\Local\Programs\Python\Python313\Lib\site-packages\django\template\loader.py", line 19, in get_template
    raise TemplateDoesNotExist(template_name, chain=chain)
django.template.exceptions.TemplateDoesNotExist: purchase_orders/purchase_order_form.html
"GET /purchase-orders/create/ HTTP/1.1" 500 91716
"GET /fournisseurs/ HTTP/1.1" 200 25483
"GET /fournisseurs/?q=&active=all HTTP/1.1" 200 25483
Internal Server Error: /suppliers/a860471d-9584-4d79-a4f2-e5ac5ee58fea/
Traceback (most recent call last):
  File "C:\Users\david\AppData\Local\Programs\Python\Python313\Lib\site-packages\django\core\handlers\exception.py", line 55, in inner
    response = get_response(request)
  File "C:\Users\david\AppData\Local\Programs\Python\Python313\Lib\site-packages\django\core\handlers\base.py", line 197, in _get_response
    response = wrapped_callback(request, *callback_args, **callback_kwargs)
  File "C:\Users\david\AppData\Local\Programs\Python\Python313\Lib\site-packages\django\contrib\auth\decorators.py", line 23, in _wrapper_view
    return view_func(request, *args, **kwargs)
  File "D:\project\BFMa\ProcureGenius\apps\suppliers\views.py", line 28, in supplier_detail
    return render(request, 'suppliers/detail.html', context)
  File "C:\Users\david\AppData\Local\Programs\Python\Python313\Lib\site-packages\django\shortcuts.py", line 25, in render
    content = loader.render_to_string(template_name, context, request, using=using)
  File "C:\Users\david\AppData\Local\Programs\Python\Python313\Lib\site-packages\django\template\loader.py", line 61, in render_to_string
    template = get_template(template_name, using=using)
  File "C:\Users\david\AppData\Local\Programs\Python\Python313\Lib\site-packages\django\template\loader.py", line 19, in get_template
    raise TemplateDoesNotExist(template_name, chain=chain)
django.template.exceptions.TemplateDoesNotExist: suppliers/detail.html
"GET /suppliers/a860471d-9584-4d79-a4f2-e5ac5ee58fea/ HTTP/1.1" 500 91598
"GET /fournisseurs/ HTTP/1.1" 200 25483
"GET /mes-commandes/ HTTP/1.1" 200 29139
Internal Server Error: /purchase-orders/03e5dfcb-e81d-46df-b531-87894b3cc85e/
Traceback (most recent call last):
  File "C:\Users\david\AppData\Local\Programs\Python\Python313\Lib\site-packages\django\core\handlers\exception.py", line 55, in inner
    response = get_response(request)
  File "C:\Users\david\AppData\Local\Programs\Python\Python313\Lib\site-packages\django\core\handlers\base.py", line 197, in _get_response
    response = wrapped_callback(request, *callback_args, **callback_kwargs)
  File "C:\Users\david\AppData\Local\Programs\Python\Python313\Lib\site-packages\django\contrib\auth\decorators.py", line 23, in _wrapper_view
    return view_func(request, *args, **kwargs)
TypeError: purchase_order_detail() got an unexpected keyword argument 'po_id'
"GET /purchase-orders/03e5dfcb-e81d-46df-b531-87894b3cc85e/ HTTP/1.1" 500 70717
Internal Server Error: /purchase-orders/c0328b60-01aa-43c0-af47-08df7c8686dc/
Traceback (most recent call last):
  File "C:\Users\david\AppData\Local\Programs\Python\Python313\Lib\site-packages\django\core\handlers\exception.py", line 55, in inner
    response = get_response(request)
  File "C:\Users\david\AppData\Local\Programs\Python\Python313\Lib\site-packages\django\core\handlers\base.py", line 197, in _get_response
    response = wrapped_callback(request, *callback_args, **callback_kwargs)
  File "C:\Users\david\AppData\Local\Programs\Python\Python313\Lib\site-packages\django\contrib\auth\decorators.py", line 23, in _wrapper_view
    return view_func(request, *args, **kwargs)
TypeError: purchase_order_detail() got an unexpected keyword argument 'po_id'
"GET /purchase-orders/c0328b60-01aa-43c0-af47-08df7c8686dc/ HTTP/1.1" 500 70717
Internal Server Error: /purchase-orders/a4f78577-3333-46da-ae1c-894353f0f7b0/
Traceback (most recent call last):
  File "C:\Users\david\AppData\Local\Programs\Python\Python313\Lib\site-packages\django\core\handlers\exception.py", line 55, in inner
    response = get_response(request)
  File "C:\Users\david\AppData\Local\Programs\Python\Python313\Lib\site-packages\django\core\handlers\base.py", line 197, in _get_response
    response = wrapped_callback(request, *callback_args, **callback_kwargs)
  File "C:\Users\david\AppData\Local\Programs\Python\Python313\Lib\site-packages\django\contrib\auth\decorators.py", line 23, in _wrapper_view
    return view_func(request, *args, **kwargs)
TypeError: purchase_order_detail() got an unexpected keyword argument 'po_id'
"GET /purchase-orders/a4f78577-3333-46da-ae1c-894353f0f7b0/ HTTP/1.1" 500 70717
D:\project\BFMa\ProcureGenius\apps\purchase_orders\urls.py changed, reloading.
D:\project\BFMa\ProcureGenius\apps\purchase_orders\urls.py changed, reloading.
Watching for file changes with StatReloader
Watching for file changes with StatReloader
"GET /purchase-orders/03e5dfcb-e81d-46df-b531-87894b3cc85e/ HTTP/1.1" 200 34743
"GET /static/css/admin.css HTTP/1.1" 304 0
"GET /static/css/theme.css HTTP/1.1" 304 0
"GET /static/js/components.js HTTP/1.1" 304 0
"GET /static/js/forms.js HTTP/1.1" 304 0
"GET /static/css/mobile-improvements.css HTTP/1.1" 304 0
"GET /static/js/mobile.js HTTP/1.1" 304 0
"GET /static/js/inline-editing.js HTTP/1.1" 304 0
"GET /static/js/sw.js HTTP/1.1" 404 1884
D:\project\BFMa\ProcureGenius\apps\purchase_orders\urls.py changed, reloading.
D:\project\BFMa\ProcureGenius\apps\purchase_orders\urls.py changed, reloading.
Watching for file changes with StatReloader
Watching for file changes with StatReloader
D:\project\BFMa\ProcureGenius\apps\purchase_orders\urls.py changed, reloading.
D:\project\BFMa\ProcureGenius\apps\purchase_orders\urls.py changed, reloading.
Watching for file changes with StatReloader
Watching for file changes with StatReloader
"GET /purchase-orders/03e5dfcb-e81d-46df-b531-87894b3cc85e/ HTTP/1.1" 200 34743
"GET /static/js/sw.js HTTP/1.1" 404 1884
"GET /mes-commandes/ HTTP/1.1" 200 29139
"GET /purchase-orders/c0328b60-01aa-43c0-af47-08df7c8686dc/ HTTP/1.1" 200 34727
"GET /static/js/sw.js HTTP/1.1" 404 1884
"GET /mes-commandes/ HTTP/1.1" 200 29139
"GET /mes-factures/ HTTP/1.1" 200 28389
"GET /invoicing/060c04ac-06dc-456d-b355-43afc75b178e/ HTTP/1.1" 200 21466
"GET /invoicing/060c04ac-06dc-456d-b355-43afc75b178e/print/ HTTP/1.1" 200 12575
"GET /invoicing/060c04ac-06dc-456d-b355-43afc75b178e/edit/ HTTP/1.1" 200 54693
"GET /static/js/sw.js HTTP/1.1" 404 1884
"GET /mes-factures/ HTTP/1.1" 200 28389
"GET /app/ HTTP/1.1" 200 30928
"GET /fournisseurs/ HTTP/1.1" 200 25483
Internal Server Error: /suppliers/a860471d-9584-4d79-a4f2-e5ac5ee58fea/
Traceback (most recent call last):
  File "C:\Users\david\AppData\Local\Programs\Python\Python313\Lib\site-packages\django\core\handlers\exception.py", line 55, in inner
    response = get_response(request)
  File "C:\Users\david\AppData\Local\Programs\Python\Python313\Lib\site-packages\django\core\handlers\base.py", line 197, in _get_response
    response = wrapped_callback(request, *callback_args, **callback_kwargs)
  File "C:\Users\david\AppData\Local\Programs\Python\Python313\Lib\site-packages\django\contrib\auth\decorators.py", line 23, in _wrapper_view
    return view_func(request, *args, **kwargs)
  File "D:\project\BFMa\ProcureGenius\apps\suppliers\views.py", line 28, in supplier_detail
    return render(request, 'suppliers/detail.html', context)
  File "C:\Users\david\AppData\Local\Programs\Python\Python313\Lib\site-packages\django\shortcuts.py", line 25, in render
    content = loader.render_to_string(template_name, context, request, using=using)
  File "C:\Users\david\AppData\Local\Programs\Python\Python313\Lib\site-packages\django\template\loader.py", line 61, in render_to_string
    template = get_template(template_name, using=using)
  File "C:\Users\david\AppData\Local\Programs\Python\Python313\Lib\site-packages\django\template\loader.py", line 19, in get_template
    raise TemplateDoesNotExist(template_name, chain=chain)
django.template.exceptions.TemplateDoesNotExist: suppliers/detail.html
"GET /suppliers/a860471d-9584-4d79-a4f2-e5ac5ee58fea/ HTTP/1.1" 500 91580
"GET /mes-factures/ HTTP/1.1" 200 28389
"GET /app/ HTTP/1.1" 200 30928
"GET /mes-factures/ HTTP/1.1" 200 28389
"GET /app/ HTTP/1.1" 200 30928
"GET /app/ HTTP/1.1" 200 30928
"GET /app/ HTTP/1.1" 200 30928
"GET /mes-factures/ HTTP/1.1" 200 28389
"GET /app/ HTTP/1.1" 200 30928
"GET /mes-factures/ HTTP/1.1" 200 28389
"GET /app/ HTTP/1.1" 200 30928
"GET /mes-factures/ HTTP/1.1" 200 28389
"GET /invoicing/060c04ac-06dc-456d-b355-43afc75b178e/ HTTP/1.1" 200 21966
"GET /app/ HTTP/1.1" 200 32117
"GET /mes-factures/ HTTP/1.1" 200 28389
"GET /mes-factures/ HTTP/1.1" 200 28389
"GET /mes-commandes/ HTTP/1.1" 200 29139
"GET /fournisseurs/ HTTP/1.1" 200 25483
Internal Server Error: /suppliers/a860471d-9584-4d79-a4f2-e5ac5ee58fea/
Traceback (most recent call last):
  File "C:\Users\david\AppData\Local\Programs\Python\Python313\Lib\site-packages\django\core\handlers\exception.py", line 55, in inner
    response = get_response(request)
  File "C:\Users\david\AppData\Local\Programs\Python\Python313\Lib\site-packages\django\core\handlers\base.py", line 197, in _get_response
    response = wrapped_callback(request, *callback_args, **callback_kwargs)
  File "C:\Users\david\AppData\Local\Programs\Python\Python313\Lib\site-packages\django\contrib\auth\decorators.py", line 23, in _wrapper_view
    return view_func(request, *args, **kwargs)
  File "D:\project\BFMa\ProcureGenius\apps\suppliers\views.py", line 28, in supplier_detail
    return render(request, 'suppliers/detail.html', context)
  File "C:\Users\david\AppData\Local\Programs\Python\Python313\Lib\site-packages\django\shortcuts.py", line 25, in render
    content = loader.render_to_string(template_name, context, request, using=using)
  File "C:\Users\david\AppData\Local\Programs\Python\Python313\Lib\site-packages\django\template\loader.py", line 62, in render_to_string
    return template.render(context, request)
           ~~~~~~~~~~~~~~~^^^^^^^^^^^^^^^^^^
  File "C:\Users\david\AppData\Local\Programs\Python\Python313\Lib\site-packages\django\template\backends\django.py", line 61, in render
    return self.template.render(context)
           ~~~~~~~~~~~~~~~~~~~~^^^^^^^^^
  File "C:\Users\david\AppData\Local\Programs\Python\Python313\Lib\site-packages\django\template\base.py", line 171, in render
    return self._render(context)
           ~~~~~~~~~~~~^^^^^^^^^
  File "C:\Users\david\AppData\Local\Programs\Python\Python313\Lib\site-packages\django\template\base.py", line 163, in _render
    return self.nodelist.render(context)
           ~~~~~~~~~~~~~~~~~~~~^^^^^^^^^
  File "C:\Users\david\AppData\Local\Programs\Python\Python313\Lib\site-packages\django\template\base.py", line 1000, in render
    return SafeString("".join([node.render_annotated(context) for node in self]))
                               ~~~~~~~~~~~~~~~~~~~~~^^^^^^^^^
  File "C:\Users\david\AppData\Local\Programs\Python\Python313\Lib\site-packages\django\template\base.py", line 961, in render_annotated
    return self.render(context)
           ~~~~~~~~~~~^^^^^^^^^
  File "C:\Users\david\AppData\Local\Programs\Python\Python313\Lib\site-packages\django\template\loader_tags.py", line 159, in render
    return compiled_parent._render(context)
           ~~~~~~~~~~~~~~~~~~~~~~~^^^^^^^^^
  File "C:\Users\david\AppData\Local\Programs\Python\Python313\Lib\site-packages\django\template\base.py", line 163, in _render
    return self.nodelist.render(context)
           ~~~~~~~~~~~~~~~~~~~~^^^^^^^^^
  File "C:\Users\david\AppData\Local\Programs\Python\Python313\Lib\site-packages\django\template\base.py", line 1000, in render
    return SafeString("".join([node.render_annotated(context) for node in self]))
                               ~~~~~~~~~~~~~~~~~~~~~^^^^^^^^^
  File "C:\Users\david\AppData\Local\Programs\Python\Python313\Lib\site-packages\django\template\base.py", line 961, in render_annotated
    return self.render(context)
           ~~~~~~~~~~~^^^^^^^^^
  File "C:\Users\david\AppData\Local\Programs\Python\Python313\Lib\site-packages\django\template\loader_tags.py", line 65, in render
    result = block.nodelist.render(context)
  File "C:\Users\david\AppData\Local\Programs\Python\Python313\Lib\site-packages\django\template\base.py", line 1000, in render
    return SafeString("".join([node.render_annotated(context) for node in self]))
                               ~~~~~~~~~~~~~~~~~~~~~^^^^^^^^^
  File "C:\Users\david\AppData\Local\Programs\Python\Python313\Lib\site-packages\django\template\base.py", line 961, in render_annotated
    return self.render(context)
           ~~~~~~~~~~~^^^^^^^^^
  File "C:\Users\david\AppData\Local\Programs\Python\Python313\Lib\site-packages\django\template\defaulttags.py", line 479, in render
    url = reverse(view_name, args=args, kwargs=kwargs, current_app=current_app)
  File "C:\Users\david\AppData\Local\Programs\Python\Python313\Lib\site-packages\django\urls\base.py", line 88, in reverse
    return resolver._reverse_with_prefix(view, prefix, *args, **kwargs)
           ~~~~~~~~~~~~~~~~~~~~~~~~~~~~~^^^^^^^^^^^^^^^^^^^^^^^^^^^^^^^
  File "C:\Users\david\AppData\Local\Programs\Python\Python313\Lib\site-packages\django\urls\resolvers.py", line 851, in _reverse_with_prefix
    raise NoReverseMatch(msg)
django.urls.exceptions.NoReverseMatch: Reverse for 'edit' not found. 'edit' is not a valid view function or pattern name.
"GET /suppliers/a860471d-9584-4d79-a4f2-e5ac5ee58fea/ HTTP/1.1" 500 173993
"GET /mes-commandes/ HTTP/1.1" 200 29139
"GET /purchase-orders/03e5dfcb-e81d-46df-b531-87894b3cc85e/ HTTP/1.1" 200 34743
"GET /static/js/sw.js HTTP/1.1" 404 1884
"GET /purchase-orders/03e5dfcb-e81d-46df-b531-87894b3cc85e/ HTTP/1.1" 200 34743
"GET /static/js/sw.js HTTP/1.1" 404 1884
"GET /mes-factures/ HTTP/1.1" 200 28389
D:\project\BFMa\ProcureGenius\apps\core\views_user_panel.py changed, reloading.
D:\project\BFMa\ProcureGenius\apps\core\views_user_panel.py changed, reloading.
Watching for file changes with StatReloader
Watching for file changes with StatReloader
"GET /mes-commandes/ HTTP/1.1" 200 29139
"GET /fournisseurs/ HTTP/1.1" 200 25483
"GET /app/ HTTP/1.1" 200 28898
D:\project\BFMa\ProcureGenius\apps\core\views_user_panel.py changed, reloading.
D:\project\BFMa\ProcureGenius\apps\core\views_user_panel.py changed, reloading.
Watching for file changes with StatReloader
Watching for file changes with StatReloader
